[10:26:17:505] [WARN] - org.mybatis.logging.Logger.warn(Logger.java:44) - Skipping MapperFactoryBean with name 'userAuthMapper' and 'soda.module.user.mapper.UserAuthMapper' mapperInterface. Bean already defined with the same name!
[10:26:17:508] [WARN] - org.mybatis.logging.Logger.warn(Logger.java:44) - Skipping MapperFactoryBean with name 'userInfoMapper' and 'soda.module.user.mapper.UserInfoMapper' mapperInterface. Bean already defined with the same name!
[10:26:17:508] [WARN] - org.mybatis.logging.Logger.warn(Logger.java:44) - Skipping MapperFactoryBean with name 'userMiniappMapper' and 'soda.module.user.mapper.UserMiniappMapper' mapperInterface. Bean already defined with the same name!
[10:26:17:509] [WARN] - org.mybatis.logging.Logger.warn(Logger.java:44) - Skipping MapperFactoryBean with name 'userRoleAuthMapper' and 'soda.module.user.mapper.UserRoleAuthMapper' mapperInterface. Bean already defined with the same name!
[10:26:17:510] [WARN] - org.mybatis.logging.Logger.warn(Logger.java:44) - Skipping MapperFactoryBean with name 'userRoleMapper' and 'soda.module.user.mapper.UserRoleMapper' mapperInterface. Bean already defined with the same name!
[10:26:17:511] [WARN] - org.mybatis.logging.Logger.warn(Logger.java:44) - Skipping MapperFactoryBean with name 'userTokenMapper' and 'soda.module.user.mapper.UserTokenMapper' mapperInterface. Bean already defined with the same name!
[10:30:18:576] [WARN] - org.springframework.web.servlet.DispatcherServlet.noHandlerFound(DispatcherServlet.java:1248) - No mapping for OPTIONS /spider/tusou/active
[10:31:11:832] [WARN] - soda.module.core.web.handler.WebExceptionHandler.businessException(WebExceptionHandler.java:21) - soda.module.core.web.exception.BusinessException: 已经有一个正在采集的任务，请等待
[10:33:39:125] [WARN] - soda.module.core.web.handler.WebExceptionHandler.businessException(WebExceptionHandler.java:21) - soda.module.core.web.exception.BusinessException: 当前用户已经有一个正在采集的任务，不能重复开启！
[10:33:44:546] [WARN] - soda.module.core.web.handler.WebExceptionHandler.businessException(WebExceptionHandler.java:21) - soda.module.core.web.exception.BusinessException: 当前用户已经有一个正在采集的任务，不能重复开启！
[10:33:56:392] [WARN] - soda.module.core.web.handler.WebExceptionHandler.businessException(WebExceptionHandler.java:21) - soda.module.core.web.exception.BusinessException: 当前用户已经有一个正在采集的任务，不能重复开启！
[11:48:54:784] [WARN] - org.mybatis.logging.Logger.warn(Logger.java:44) - Skipping MapperFactoryBean with name 'userAuthMapper' and 'soda.module.user.mapper.UserAuthMapper' mapperInterface. Bean already defined with the same name!
[11:48:54:784] [WARN] - org.mybatis.logging.Logger.warn(Logger.java:44) - Skipping MapperFactoryBean with name 'userInfoMapper' and 'soda.module.user.mapper.UserInfoMapper' mapperInterface. Bean already defined with the same name!
[11:48:54:784] [WARN] - org.mybatis.logging.Logger.warn(Logger.java:44) - Skipping MapperFactoryBean with name 'userMiniappMapper' and 'soda.module.user.mapper.UserMiniappMapper' mapperInterface. Bean already defined with the same name!
[11:48:54:784] [WARN] - org.mybatis.logging.Logger.warn(Logger.java:44) - Skipping MapperFactoryBean with name 'userRoleAuthMapper' and 'soda.module.user.mapper.UserRoleAuthMapper' mapperInterface. Bean already defined with the same name!
[11:48:54:784] [WARN] - org.mybatis.logging.Logger.warn(Logger.java:44) - Skipping MapperFactoryBean with name 'userRoleMapper' and 'soda.module.user.mapper.UserRoleMapper' mapperInterface. Bean already defined with the same name!
[11:48:54:784] [WARN] - org.mybatis.logging.Logger.warn(Logger.java:44) - Skipping MapperFactoryBean with name 'userTokenMapper' and 'soda.module.user.mapper.UserTokenMapper' mapperInterface. Bean already defined with the same name!
[11:49:37:383] [ERROR] - soda.module.core.web.handler.WebExceptionHandler.exception(WebExceptionHandler.java:66) - org.springframework.http.converter.HttpMessageConversionException: Type definition error: [simple type, class sun.nio.ch.ChannelInputStream]; nested exception is com.fasterxml.jackson.databind.exc.InvalidDefinitionException: No serializer found for class sun.nio.ch.ChannelInputStream and no properties discovered to create BeanSerializer (to avoid exception, disable SerializationFeature.FAIL_ON_EMPTY_BEANS) (through reference chain: soda.module.core.web.response.ResponseModel["data"]->org.springframework.http.ResponseEntity["body"]->org.springframework.core.io.InputStreamResource["inputStream"])
[11:50:58:526] [ERROR] - soda.module.core.web.handler.WebExceptionHandler.exception(WebExceptionHandler.java:66) - org.springframework.http.converter.HttpMessageConversionException: Type definition error: [simple type, class sun.nio.ch.ChannelInputStream]; nested exception is com.fasterxml.jackson.databind.exc.InvalidDefinitionException: No serializer found for class sun.nio.ch.ChannelInputStream and no properties discovered to create BeanSerializer (to avoid exception, disable SerializationFeature.FAIL_ON_EMPTY_BEANS) (through reference chain: soda.module.core.web.response.ResponseModel["data"]->org.springframework.http.ResponseEntity["body"]->org.springframework.core.io.InputStreamResource["inputStream"])
[12:14:40:799] [WARN] - org.mybatis.logging.Logger.warn(Logger.java:44) - Skipping MapperFactoryBean with name 'userAuthMapper' and 'soda.module.user.mapper.UserAuthMapper' mapperInterface. Bean already defined with the same name!
[12:14:40:800] [WARN] - org.mybatis.logging.Logger.warn(Logger.java:44) - Skipping MapperFactoryBean with name 'userInfoMapper' and 'soda.module.user.mapper.UserInfoMapper' mapperInterface. Bean already defined with the same name!
[12:14:40:800] [WARN] - org.mybatis.logging.Logger.warn(Logger.java:44) - Skipping MapperFactoryBean with name 'userMiniappMapper' and 'soda.module.user.mapper.UserMiniappMapper' mapperInterface. Bean already defined with the same name!
[12:14:40:800] [WARN] - org.mybatis.logging.Logger.warn(Logger.java:44) - Skipping MapperFactoryBean with name 'userRoleAuthMapper' and 'soda.module.user.mapper.UserRoleAuthMapper' mapperInterface. Bean already defined with the same name!
[12:14:40:801] [WARN] - org.mybatis.logging.Logger.warn(Logger.java:44) - Skipping MapperFactoryBean with name 'userRoleMapper' and 'soda.module.user.mapper.UserRoleMapper' mapperInterface. Bean already defined with the same name!
[12:14:40:801] [WARN] - org.mybatis.logging.Logger.warn(Logger.java:44) - Skipping MapperFactoryBean with name 'userTokenMapper' and 'soda.module.user.mapper.UserTokenMapper' mapperInterface. Bean already defined with the same name!
[12:31:05:111] [WARN] - soda.module.core.web.handler.WebExceptionHandler.businessException(WebExceptionHandler.java:21) - soda.module.core.web.exception.BusinessException: 当前用户已经有一个正在采集的任务，不能重复开启！
[12:31:09:608] [WARN] - soda.module.core.web.handler.WebExceptionHandler.businessException(WebExceptionHandler.java:21) - soda.module.core.web.exception.BusinessException: 当前用户已经有一个正在采集的任务，不能重复开启！
[12:31:25:561] [WARN] - soda.module.core.web.handler.WebExceptionHandler.businessException(WebExceptionHandler.java:21) - soda.module.core.web.exception.BusinessException: 当前用户已经有一个正在采集的任务，不能重复开启！
[12:33:08:698] [ERROR] - soda.cantfind.apply.rabbitmq.TusouProcessUtil.process(TusouProcessUtil.java:129) - https://item.taobao.com/item.htm?id=597220717642采集过程出现外的错误java.lang.NullPointerException
[12:33:30:902] [ERROR] - soda.cantfind.apply.rabbitmq.TusouProcessUtil.process(TusouProcessUtil.java:129) - https://item.taobao.com/item.htm?id=600603009333采集过程出现外的错误java.lang.NullPointerException
[12:33:42:769] [ERROR] - soda.cantfind.apply.rabbitmq.TusouProcessUtil.process(TusouProcessUtil.java:129) - https://item.taobao.com/item.htm?id=597202212337采集过程出现外的错误java.lang.NullPointerException
[12:39:45:349] [WARN] - org.mybatis.logging.Logger.warn(Logger.java:44) - Skipping MapperFactoryBean with name 'userAuthMapper' and 'soda.module.user.mapper.UserAuthMapper' mapperInterface. Bean already defined with the same name!
[12:39:45:350] [WARN] - org.mybatis.logging.Logger.warn(Logger.java:44) - Skipping MapperFactoryBean with name 'userInfoMapper' and 'soda.module.user.mapper.UserInfoMapper' mapperInterface. Bean already defined with the same name!
[12:39:45:350] [WARN] - org.mybatis.logging.Logger.warn(Logger.java:44) - Skipping MapperFactoryBean with name 'userMiniappMapper' and 'soda.module.user.mapper.UserMiniappMapper' mapperInterface. Bean already defined with the same name!
[12:39:45:351] [WARN] - org.mybatis.logging.Logger.warn(Logger.java:44) - Skipping MapperFactoryBean with name 'userRoleAuthMapper' and 'soda.module.user.mapper.UserRoleAuthMapper' mapperInterface. Bean already defined with the same name!
[12:39:45:351] [WARN] - org.mybatis.logging.Logger.warn(Logger.java:44) - Skipping MapperFactoryBean with name 'userRoleMapper' and 'soda.module.user.mapper.UserRoleMapper' mapperInterface. Bean already defined with the same name!
[12:39:45:351] [WARN] - org.mybatis.logging.Logger.warn(Logger.java:44) - Skipping MapperFactoryBean with name 'userTokenMapper' and 'soda.module.user.mapper.UserTokenMapper' mapperInterface. Bean already defined with the same name!
[12:41:32:510] [WARN] - soda.module.core.web.handler.WebExceptionHandler.businessException(WebExceptionHandler.java:21) - soda.module.core.web.exception.BusinessException: 当前用户已经有一个正在采集的任务，不能重复开启！
[12:41:38:199] [WARN] - soda.module.core.web.handler.WebExceptionHandler.businessException(WebExceptionHandler.java:21) - soda.module.core.web.exception.BusinessException: 当前用户已经有一个正在采集的任务，不能重复开启！
[12:41:42:909] [WARN] - soda.module.core.web.handler.WebExceptionHandler.businessException(WebExceptionHandler.java:21) - soda.module.core.web.exception.BusinessException: 当前用户已经有一个正在采集的任务，不能重复开启！
[12:43:09:525] [ERROR] - soda.cantfind.apply.rabbitmq.TusouProcessUtil.process(TusouProcessUtil.java:129) - https://item.taobao.com/item.htm?id=597220717642采集过程出现外的错误java.lang.NullPointerException
[12:43:25:238] [ERROR] - soda.cantfind.apply.rabbitmq.TusouProcessUtil.process(TusouProcessUtil.java:129) - https://item.taobao.com/item.htm?id=600603009333采集过程出现外的错误java.lang.NullPointerException
[12:43:34:439] [ERROR] - soda.cantfind.apply.rabbitmq.TusouProcessUtil.process(TusouProcessUtil.java:129) - https://item.taobao.com/item.htm?id=597202212337采集过程出现外的错误java.lang.NullPointerException
