[08:46:11:242] [WARN] - org.mybatis.logging.Logger.warn(Logger.java:44) - Skipping MapperFactoryBean with name 'userAuthMapper' and 'soda.module.user.mapper.UserAuthMapper' mapperInterface. Bean already defined with the same name!
[08:46:11:242] [WARN] - org.mybatis.logging.Logger.warn(Logger.java:44) - Skipping MapperFactoryBean with name 'userInfoMapper' and 'soda.module.user.mapper.UserInfoMapper' mapperInterface. Bean already defined with the same name!
[08:46:11:242] [WARN] - org.mybatis.logging.Logger.warn(Logger.java:44) - Skipping MapperFactoryBean with name 'userMiniappMapper' and 'soda.module.user.mapper.UserMiniappMapper' mapperInterface. Bean already defined with the same name!
[08:46:11:242] [WARN] - org.mybatis.logging.Logger.warn(Logger.java:44) - Skipping MapperFactoryBean with name 'userRoleAuthMapper' and 'soda.module.user.mapper.UserRoleAuthMapper' mapperInterface. Bean already defined with the same name!
[08:46:11:242] [WARN] - org.mybatis.logging.Logger.warn(Logger.java:44) - Skipping MapperFactoryBean with name 'userRoleMapper' and 'soda.module.user.mapper.UserRoleMapper' mapperInterface. Bean already defined with the same name!
[08:46:11:242] [WARN] - org.mybatis.logging.Logger.warn(Logger.java:44) - Skipping MapperFactoryBean with name 'userTokenMapper' and 'soda.module.user.mapper.UserTokenMapper' mapperInterface. Bean already defined with the same name!
[11:53:47:890] [WARN] - org.mybatis.logging.Logger.warn(Logger.java:44) - Skipping MapperFactoryBean with name 'userAuthMapper' and 'soda.module.user.mapper.UserAuthMapper' mapperInterface. Bean already defined with the same name!
[11:53:47:894] [WARN] - org.mybatis.logging.Logger.warn(Logger.java:44) - Skipping MapperFactoryBean with name 'userInfoMapper' and 'soda.module.user.mapper.UserInfoMapper' mapperInterface. Bean already defined with the same name!
[11:53:47:894] [WARN] - org.mybatis.logging.Logger.warn(Logger.java:44) - Skipping MapperFactoryBean with name 'userMiniappMapper' and 'soda.module.user.mapper.UserMiniappMapper' mapperInterface. Bean already defined with the same name!
[11:53:47:895] [WARN] - org.mybatis.logging.Logger.warn(Logger.java:44) - Skipping MapperFactoryBean with name 'userRoleAuthMapper' and 'soda.module.user.mapper.UserRoleAuthMapper' mapperInterface. Bean already defined with the same name!
[11:53:47:895] [WARN] - org.mybatis.logging.Logger.warn(Logger.java:44) - Skipping MapperFactoryBean with name 'userRoleMapper' and 'soda.module.user.mapper.UserRoleMapper' mapperInterface. Bean already defined with the same name!
[11:53:47:895] [WARN] - org.mybatis.logging.Logger.warn(Logger.java:44) - Skipping MapperFactoryBean with name 'userTokenMapper' and 'soda.module.user.mapper.UserTokenMapper' mapperInterface. Bean already defined with the same name!
[11:57:19:377] [WARN] - org.mybatis.logging.Logger.warn(Logger.java:44) - Skipping MapperFactoryBean with name 'userAuthMapper' and 'soda.module.user.mapper.UserAuthMapper' mapperInterface. Bean already defined with the same name!
[11:57:19:377] [WARN] - org.mybatis.logging.Logger.warn(Logger.java:44) - Skipping MapperFactoryBean with name 'userInfoMapper' and 'soda.module.user.mapper.UserInfoMapper' mapperInterface. Bean already defined with the same name!
[11:57:19:378] [WARN] - org.mybatis.logging.Logger.warn(Logger.java:44) - Skipping MapperFactoryBean with name 'userMiniappMapper' and 'soda.module.user.mapper.UserMiniappMapper' mapperInterface. Bean already defined with the same name!
[11:57:19:378] [WARN] - org.mybatis.logging.Logger.warn(Logger.java:44) - Skipping MapperFactoryBean with name 'userRoleAuthMapper' and 'soda.module.user.mapper.UserRoleAuthMapper' mapperInterface. Bean already defined with the same name!
[11:57:19:378] [WARN] - org.mybatis.logging.Logger.warn(Logger.java:44) - Skipping MapperFactoryBean with name 'userRoleMapper' and 'soda.module.user.mapper.UserRoleMapper' mapperInterface. Bean already defined with the same name!
[11:57:19:379] [WARN] - org.mybatis.logging.Logger.warn(Logger.java:44) - Skipping MapperFactoryBean with name 'userTokenMapper' and 'soda.module.user.mapper.UserTokenMapper' mapperInterface. Bean already defined with the same name!
[11:59:30:120] [WARN] - org.mybatis.logging.Logger.warn(Logger.java:44) - Skipping MapperFactoryBean with name 'userAuthMapper' and 'soda.module.user.mapper.UserAuthMapper' mapperInterface. Bean already defined with the same name!
[11:59:30:122] [WARN] - org.mybatis.logging.Logger.warn(Logger.java:44) - Skipping MapperFactoryBean with name 'userInfoMapper' and 'soda.module.user.mapper.UserInfoMapper' mapperInterface. Bean already defined with the same name!
[11:59:30:123] [WARN] - org.mybatis.logging.Logger.warn(Logger.java:44) - Skipping MapperFactoryBean with name 'userMiniappMapper' and 'soda.module.user.mapper.UserMiniappMapper' mapperInterface. Bean already defined with the same name!
[11:59:30:123] [WARN] - org.mybatis.logging.Logger.warn(Logger.java:44) - Skipping MapperFactoryBean with name 'userRoleAuthMapper' and 'soda.module.user.mapper.UserRoleAuthMapper' mapperInterface. Bean already defined with the same name!
[11:59:30:123] [WARN] - org.mybatis.logging.Logger.warn(Logger.java:44) - Skipping MapperFactoryBean with name 'userRoleMapper' and 'soda.module.user.mapper.UserRoleMapper' mapperInterface. Bean already defined with the same name!
[11:59:30:123] [WARN] - org.mybatis.logging.Logger.warn(Logger.java:44) - Skipping MapperFactoryBean with name 'userTokenMapper' and 'soda.module.user.mapper.UserTokenMapper' mapperInterface. Bean already defined with the same name!
[11:59:30:124] [WARN] - org.mybatis.logging.Logger.warn(Logger.java:44) - No MyBatis mapper was found in '[soda.cantfind.apply.mapper, soda.module.user.mapper]' package. Please check your configuration.
[11:59:31:357] [WARN] - org.springframework.context.support.AbstractApplicationContext.refresh(AbstractApplicationContext.java:557) - Exception encountered during context initialization - cancelling refresh attempt: org.springframework.beans.factory.UnsatisfiedDependencyException: Error creating bean with name 'jwtUserController' defined in file [D:\workspace\cantfind\spider\user\target\classes\soda\module\user\controller\JwtUserController.class]: Unsatisfied dependency expressed through constructor parameter 0; nested exception is org.springframework.beans.factory.UnsatisfiedDependencyException: Error creating bean with name 'userRoleAuthServiceImpl' defined in file [D:\workspace\cantfind\spider\user\target\classes\soda\module\user\service\impl\UserRoleAuthServiceImpl.class]: Unsatisfied dependency expressed through constructor parameter 0; nested exception is org.springframework.beans.factory.NoSuchBeanDefinitionException: No qualifying bean of type 'org.springframework.security.crypto.password.PasswordEncoder' available: expected at least 1 bean which qualifies as autowire candidate. Dependency annotations: {}
[11:59:31:477] [WARN] - org.apache.juli.logging.DirectJDKLog.log(DirectJDKLog.java:173) - The web application [ROOT] appears to have started a thread named [ForkJoinPool.commonPool-worker-0] but has failed to stop it. This is very likely to create a memory leak. Stack trace of thread:
 sun.misc.Unsafe.park(Native Method)
 java.util.concurrent.ForkJoinPool.awaitWork(ForkJoinPool.java:1824)
 java.util.concurrent.ForkJoinPool.runWorker(ForkJoinPool.java:1693)
 java.util.concurrent.ForkJoinWorkerThread.run(ForkJoinWorkerThread.java:157)
[11:59:31:478] [WARN] - org.apache.juli.logging.DirectJDKLog.log(DirectJDKLog.java:173) - The web application [ROOT] appears to have started a thread named [ForkJoinPool.commonPool-worker-1] but has failed to stop it. This is very likely to create a memory leak. Stack trace of thread:
 sun.misc.Unsafe.park(Native Method)
 java.util.concurrent.ForkJoinPool.awaitWork(ForkJoinPool.java:1824)
 java.util.concurrent.ForkJoinPool.runWorker(ForkJoinPool.java:1693)
 java.util.concurrent.ForkJoinWorkerThread.run(ForkJoinWorkerThread.java:157)
[11:59:31:478] [WARN] - org.apache.juli.logging.DirectJDKLog.log(DirectJDKLog.java:173) - The web application [ROOT] appears to have started a thread named [ForkJoinPool.commonPool-worker-2] but has failed to stop it. This is very likely to create a memory leak. Stack trace of thread:
 sun.misc.Unsafe.park(Native Method)
 java.util.concurrent.ForkJoinPool.awaitWork(ForkJoinPool.java:1824)
 java.util.concurrent.ForkJoinPool.runWorker(ForkJoinPool.java:1693)
 java.util.concurrent.ForkJoinWorkerThread.run(ForkJoinWorkerThread.java:157)
[11:59:31:693] [ERROR] - org.springframework.boot.diagnostics.LoggingFailureAnalysisReporter.report(LoggingFailureAnalysisReporter.java:42) - 

***************************
APPLICATION FAILED TO START
***************************

Description:

Parameter 0 of constructor in soda.module.user.service.impl.UserRoleAuthServiceImpl required a bean of type 'org.springframework.security.crypto.password.PasswordEncoder' that could not be found.


Action:

Consider defining a bean of type 'org.springframework.security.crypto.password.PasswordEncoder' in your configuration.

[11:59:34:838] [WARN] - org.mybatis.logging.Logger.warn(Logger.java:44) - Skipping MapperFactoryBean with name 'userAuthMapper' and 'soda.module.user.mapper.UserAuthMapper' mapperInterface. Bean already defined with the same name!
[11:59:34:839] [WARN] - org.mybatis.logging.Logger.warn(Logger.java:44) - Skipping MapperFactoryBean with name 'userInfoMapper' and 'soda.module.user.mapper.UserInfoMapper' mapperInterface. Bean already defined with the same name!
[11:59:34:840] [WARN] - org.mybatis.logging.Logger.warn(Logger.java:44) - Skipping MapperFactoryBean with name 'userMiniappMapper' and 'soda.module.user.mapper.UserMiniappMapper' mapperInterface. Bean already defined with the same name!
[11:59:34:840] [WARN] - org.mybatis.logging.Logger.warn(Logger.java:44) - Skipping MapperFactoryBean with name 'userRoleAuthMapper' and 'soda.module.user.mapper.UserRoleAuthMapper' mapperInterface. Bean already defined with the same name!
[11:59:34:840] [WARN] - org.mybatis.logging.Logger.warn(Logger.java:44) - Skipping MapperFactoryBean with name 'userRoleMapper' and 'soda.module.user.mapper.UserRoleMapper' mapperInterface. Bean already defined with the same name!
[11:59:34:840] [WARN] - org.mybatis.logging.Logger.warn(Logger.java:44) - Skipping MapperFactoryBean with name 'userTokenMapper' and 'soda.module.user.mapper.UserTokenMapper' mapperInterface. Bean already defined with the same name!
[13:27:19:489] [WARN] - org.mybatis.logging.Logger.warn(Logger.java:44) - Skipping MapperFactoryBean with name 'userAuthMapper' and 'soda.module.user.mapper.UserAuthMapper' mapperInterface. Bean already defined with the same name!
[13:27:19:489] [WARN] - org.mybatis.logging.Logger.warn(Logger.java:44) - Skipping MapperFactoryBean with name 'userInfoMapper' and 'soda.module.user.mapper.UserInfoMapper' mapperInterface. Bean already defined with the same name!
[13:27:19:490] [WARN] - org.mybatis.logging.Logger.warn(Logger.java:44) - Skipping MapperFactoryBean with name 'userMiniappMapper' and 'soda.module.user.mapper.UserMiniappMapper' mapperInterface. Bean already defined with the same name!
[13:27:19:490] [WARN] - org.mybatis.logging.Logger.warn(Logger.java:44) - Skipping MapperFactoryBean with name 'userRoleAuthMapper' and 'soda.module.user.mapper.UserRoleAuthMapper' mapperInterface. Bean already defined with the same name!
[13:27:19:490] [WARN] - org.mybatis.logging.Logger.warn(Logger.java:44) - Skipping MapperFactoryBean with name 'userRoleMapper' and 'soda.module.user.mapper.UserRoleMapper' mapperInterface. Bean already defined with the same name!
[13:27:19:490] [WARN] - org.mybatis.logging.Logger.warn(Logger.java:44) - Skipping MapperFactoryBean with name 'userTokenMapper' and 'soda.module.user.mapper.UserTokenMapper' mapperInterface. Bean already defined with the same name!
[13:28:35:208] [WARN] - soda.module.user.controller.UserInfoController.getUserInfoByToken(UserInfoController.java:110) - 7
[13:28:35:274] [WARN] - soda.module.user.controller.UserInfoController.getUserInfoByToken(UserInfoController.java:115) - UserRole(id=2, roleName=ROLE_TEST, roleNote=测试管理员)
[13:28:48:452] [WARN] - soda.module.user.controller.UserInfoController.getUserInfoByToken(UserInfoController.java:110) - 8
[13:28:48:503] [WARN] - soda.module.user.controller.UserInfoController.getUserInfoByToken(UserInfoController.java:115) - UserRole(id=1, roleName=ROLE_ADMIN, roleNote=超级管理员)
[13:29:35:510] [WARN] - org.mybatis.logging.Logger.warn(Logger.java:44) - Skipping MapperFactoryBean with name 'userAuthMapper' and 'soda.module.user.mapper.UserAuthMapper' mapperInterface. Bean already defined with the same name!
[13:29:35:510] [WARN] - org.mybatis.logging.Logger.warn(Logger.java:44) - Skipping MapperFactoryBean with name 'userInfoMapper' and 'soda.module.user.mapper.UserInfoMapper' mapperInterface. Bean already defined with the same name!
[13:29:35:510] [WARN] - org.mybatis.logging.Logger.warn(Logger.java:44) - Skipping MapperFactoryBean with name 'userMiniappMapper' and 'soda.module.user.mapper.UserMiniappMapper' mapperInterface. Bean already defined with the same name!
[13:29:35:511] [WARN] - org.mybatis.logging.Logger.warn(Logger.java:44) - Skipping MapperFactoryBean with name 'userRoleAuthMapper' and 'soda.module.user.mapper.UserRoleAuthMapper' mapperInterface. Bean already defined with the same name!
[13:29:35:511] [WARN] - org.mybatis.logging.Logger.warn(Logger.java:44) - Skipping MapperFactoryBean with name 'userRoleMapper' and 'soda.module.user.mapper.UserRoleMapper' mapperInterface. Bean already defined with the same name!
[13:29:35:511] [WARN] - org.mybatis.logging.Logger.warn(Logger.java:44) - Skipping MapperFactoryBean with name 'userTokenMapper' and 'soda.module.user.mapper.UserTokenMapper' mapperInterface. Bean already defined with the same name!
[13:55:03:094] [ERROR] - soda.module.core.web.handler.WebExceptionHandler.exception(WebExceptionHandler.java:66) - java.lang.NullPointerException
[13:55:04:711] [ERROR] - soda.module.core.web.handler.WebExceptionHandler.exception(WebExceptionHandler.java:66) - java.lang.NullPointerException
[13:55:15:041] [WARN] - org.mybatis.logging.Logger.warn(Logger.java:44) - Skipping MapperFactoryBean with name 'userAuthMapper' and 'soda.module.user.mapper.UserAuthMapper' mapperInterface. Bean already defined with the same name!
[13:55:15:041] [WARN] - org.mybatis.logging.Logger.warn(Logger.java:44) - Skipping MapperFactoryBean with name 'userInfoMapper' and 'soda.module.user.mapper.UserInfoMapper' mapperInterface. Bean already defined with the same name!
[13:55:15:041] [WARN] - org.mybatis.logging.Logger.warn(Logger.java:44) - Skipping MapperFactoryBean with name 'userMiniappMapper' and 'soda.module.user.mapper.UserMiniappMapper' mapperInterface. Bean already defined with the same name!
[13:55:15:041] [WARN] - org.mybatis.logging.Logger.warn(Logger.java:44) - Skipping MapperFactoryBean with name 'userRoleAuthMapper' and 'soda.module.user.mapper.UserRoleAuthMapper' mapperInterface. Bean already defined with the same name!
[13:55:15:041] [WARN] - org.mybatis.logging.Logger.warn(Logger.java:44) - Skipping MapperFactoryBean with name 'userRoleMapper' and 'soda.module.user.mapper.UserRoleMapper' mapperInterface. Bean already defined with the same name!
[13:55:15:041] [WARN] - org.mybatis.logging.Logger.warn(Logger.java:44) - Skipping MapperFactoryBean with name 'userTokenMapper' and 'soda.module.user.mapper.UserTokenMapper' mapperInterface. Bean already defined with the same name!
[13:55:24:901] [ERROR] - soda.module.core.web.handler.WebExceptionHandler.exception(WebExceptionHandler.java:66) - java.lang.NullPointerException
[14:27:34:420] [WARN] - org.mybatis.logging.Logger.warn(Logger.java:44) - Skipping MapperFactoryBean with name 'userAuthMapper' and 'soda.module.user.mapper.UserAuthMapper' mapperInterface. Bean already defined with the same name!
[14:27:34:420] [WARN] - org.mybatis.logging.Logger.warn(Logger.java:44) - Skipping MapperFactoryBean with name 'userInfoMapper' and 'soda.module.user.mapper.UserInfoMapper' mapperInterface. Bean already defined with the same name!
[14:27:34:420] [WARN] - org.mybatis.logging.Logger.warn(Logger.java:44) - Skipping MapperFactoryBean with name 'userMiniappMapper' and 'soda.module.user.mapper.UserMiniappMapper' mapperInterface. Bean already defined with the same name!
[14:27:34:420] [WARN] - org.mybatis.logging.Logger.warn(Logger.java:44) - Skipping MapperFactoryBean with name 'userRoleAuthMapper' and 'soda.module.user.mapper.UserRoleAuthMapper' mapperInterface. Bean already defined with the same name!
[14:27:34:420] [WARN] - org.mybatis.logging.Logger.warn(Logger.java:44) - Skipping MapperFactoryBean with name 'userRoleMapper' and 'soda.module.user.mapper.UserRoleMapper' mapperInterface. Bean already defined with the same name!
[14:27:34:420] [WARN] - org.mybatis.logging.Logger.warn(Logger.java:44) - Skipping MapperFactoryBean with name 'userTokenMapper' and 'soda.module.user.mapper.UserTokenMapper' mapperInterface. Bean already defined with the same name!
[14:27:37:874] [WARN] - org.springframework.context.support.AbstractApplicationContext.refresh(AbstractApplicationContext.java:557) - Exception encountered during context initialization - cancelling refresh attempt: org.springframework.beans.factory.UnsatisfiedDependencyException: Error creating bean with name 'documentationPluginsBootstrapper' defined in URL [jar:file:/C:/Users/soda/.m2/repository/io/springfox/springfox-spring-web/2.9.2/springfox-spring-web-2.9.2.jar!/springfox/documentation/spring/web/plugins/DocumentationPluginsBootstrapper.class]: Unsatisfied dependency expressed through constructor parameter 1; nested exception is org.springframework.beans.factory.UnsatisfiedDependencyException: Error creating bean with name 'webMvcRequestHandlerProvider' defined in URL [jar:file:/C:/Users/soda/.m2/repository/io/springfox/springfox-spring-web/2.9.2/springfox-spring-web-2.9.2.jar!/springfox/documentation/spring/web/plugins/WebMvcRequestHandlerProvider.class]: Unsatisfied dependency expressed through constructor parameter 1; nested exception is org.springframework.beans.factory.BeanCreationException: Error creating bean with name 'requestMappingHandlerMapping' defined in class path resource [soda/module/core/web/config/WebConfig.class]: Invocation of init method failed; nested exception is java.lang.IllegalStateException: Ambiguous mapping. Cannot map 'userAuthController' method 
public soda.module.core.web.response.ResponseModel soda.module.user.controller.UserAuthController.getAllAuth()
to {GET /user-auth}: There is already 'userAuthController' bean method
public soda.module.core.web.response.ResponseModel<soda.module.user.entity.UserAuth> soda.module.user.controller.UserAuthController.getAuthListByRoleId(int) mapped.
[14:27:38:155] [WARN] - org.apache.juli.logging.DirectJDKLog.log(DirectJDKLog.java:173) - The web application [ROOT] appears to have started a thread named [ForkJoinPool.commonPool-worker-1] but has failed to stop it. This is very likely to create a memory leak. Stack trace of thread:
 sun.misc.Unsafe.park(Native Method)
 java.util.concurrent.ForkJoinPool.awaitWork(ForkJoinPool.java:1824)
 java.util.concurrent.ForkJoinPool.runWorker(ForkJoinPool.java:1693)
 java.util.concurrent.ForkJoinWorkerThread.run(ForkJoinWorkerThread.java:157)
[14:27:38:155] [WARN] - org.apache.juli.logging.DirectJDKLog.log(DirectJDKLog.java:173) - The web application [ROOT] appears to have started a thread named [ForkJoinPool.commonPool-worker-2] but has failed to stop it. This is very likely to create a memory leak. Stack trace of thread:
 sun.misc.Unsafe.park(Native Method)
 java.util.concurrent.ForkJoinPool.awaitWork(ForkJoinPool.java:1824)
 java.util.concurrent.ForkJoinPool.runWorker(ForkJoinPool.java:1693)
 java.util.concurrent.ForkJoinWorkerThread.run(ForkJoinWorkerThread.java:157)
[14:27:38:155] [WARN] - org.apache.juli.logging.DirectJDKLog.log(DirectJDKLog.java:173) - The web application [ROOT] appears to have started a thread named [ForkJoinPool.commonPool-worker-3] but has failed to stop it. This is very likely to create a memory leak. Stack trace of thread:
 sun.misc.Unsafe.park(Native Method)
 java.util.concurrent.ForkJoinPool.awaitWork(ForkJoinPool.java:1824)
 java.util.concurrent.ForkJoinPool.runWorker(ForkJoinPool.java:1693)
 java.util.concurrent.ForkJoinWorkerThread.run(ForkJoinWorkerThread.java:157)
[14:27:38:155] [WARN] - org.apache.juli.logging.DirectJDKLog.log(DirectJDKLog.java:173) - The web application [ROOT] appears to have started a thread named [ForkJoinPool.commonPool-worker-4] but has failed to stop it. This is very likely to create a memory leak. Stack trace of thread:
 sun.misc.Unsafe.park(Native Method)
 java.util.concurrent.ForkJoinPool.awaitWork(ForkJoinPool.java:1824)
 java.util.concurrent.ForkJoinPool.runWorker(ForkJoinPool.java:1693)
 java.util.concurrent.ForkJoinWorkerThread.run(ForkJoinWorkerThread.java:157)
[14:27:38:155] [WARN] - org.apache.juli.logging.DirectJDKLog.log(DirectJDKLog.java:173) - The web application [ROOT] appears to have started a thread named [ForkJoinPool.commonPool-worker-5] but has failed to stop it. This is very likely to create a memory leak. Stack trace of thread:
 sun.misc.Unsafe.park(Native Method)
 java.util.concurrent.ForkJoinPool.awaitWork(ForkJoinPool.java:1824)
 java.util.concurrent.ForkJoinPool.runWorker(ForkJoinPool.java:1693)
 java.util.concurrent.ForkJoinWorkerThread.run(ForkJoinWorkerThread.java:157)
[14:27:38:155] [WARN] - org.apache.juli.logging.DirectJDKLog.log(DirectJDKLog.java:173) - The web application [ROOT] appears to have started a thread named [ForkJoinPool.commonPool-worker-6] but has failed to stop it. This is very likely to create a memory leak. Stack trace of thread:
 sun.misc.Unsafe.park(Native Method)
 java.util.concurrent.ForkJoinPool.awaitWork(ForkJoinPool.java:1824)
 java.util.concurrent.ForkJoinPool.runWorker(ForkJoinPool.java:1693)
 java.util.concurrent.ForkJoinWorkerThread.run(ForkJoinWorkerThread.java:157)
[14:27:38:155] [WARN] - org.apache.juli.logging.DirectJDKLog.log(DirectJDKLog.java:173) - The web application [ROOT] appears to have started a thread named [ForkJoinPool.commonPool-worker-7] but has failed to stop it. This is very likely to create a memory leak. Stack trace of thread:
 sun.misc.Unsafe.park(Native Method)
 java.util.concurrent.ForkJoinPool.awaitWork(ForkJoinPool.java:1824)
 java.util.concurrent.ForkJoinPool.runWorker(ForkJoinPool.java:1693)
 java.util.concurrent.ForkJoinWorkerThread.run(ForkJoinWorkerThread.java:157)
[14:27:38:171] [ERROR] - org.springframework.boot.SpringApplication.reportFailure(SpringApplication.java:858) - Application run failed
org.springframework.beans.factory.UnsatisfiedDependencyException: Error creating bean with name 'documentationPluginsBootstrapper' defined in URL [jar:file:/C:/Users/soda/.m2/repository/io/springfox/springfox-spring-web/2.9.2/springfox-spring-web-2.9.2.jar!/springfox/documentation/spring/web/plugins/DocumentationPluginsBootstrapper.class]: Unsatisfied dependency expressed through constructor parameter 1; nested exception is org.springframework.beans.factory.UnsatisfiedDependencyException: Error creating bean with name 'webMvcRequestHandlerProvider' defined in URL [jar:file:/C:/Users/soda/.m2/repository/io/springfox/springfox-spring-web/2.9.2/springfox-spring-web-2.9.2.jar!/springfox/documentation/spring/web/plugins/WebMvcRequestHandlerProvider.class]: Unsatisfied dependency expressed through constructor parameter 1; nested exception is org.springframework.beans.factory.BeanCreationException: Error creating bean with name 'requestMappingHandlerMapping' defined in class path resource [soda/module/core/web/config/WebConfig.class]: Invocation of init method failed; nested exception is java.lang.IllegalStateException: Ambiguous mapping. Cannot map 'userAuthController' method 
public soda.module.core.web.response.ResponseModel soda.module.user.controller.UserAuthController.getAllAuth()
to {GET /user-auth}: There is already 'userAuthController' bean method
public soda.module.core.web.response.ResponseModel<soda.module.user.entity.UserAuth> soda.module.user.controller.UserAuthController.getAuthListByRoleId(int) mapped.
	at org.springframework.beans.factory.support.ConstructorResolver.createArgumentArray(ConstructorResolver.java:769) ~[spring-beans-5.1.6.RELEASE.jar:5.1.6.RELEASE]
	at org.springframework.beans.factory.support.ConstructorResolver.autowireConstructor(ConstructorResolver.java:218) ~[spring-beans-5.1.6.RELEASE.jar:5.1.6.RELEASE]
	at org.springframework.beans.factory.support.AbstractAutowireCapableBeanFactory.autowireConstructor(AbstractAutowireCapableBeanFactory.java:1341) ~[spring-beans-5.1.6.RELEASE.jar:5.1.6.RELEASE]
	at org.springframework.beans.factory.support.AbstractAutowireCapableBeanFactory.createBeanInstance(AbstractAutowireCapableBeanFactory.java:1187) ~[spring-beans-5.1.6.RELEASE.jar:5.1.6.RELEASE]
	at org.springframework.beans.factory.support.AbstractAutowireCapableBeanFactory.doCreateBean(AbstractAutowireCapableBeanFactory.java:555) ~[spring-beans-5.1.6.RELEASE.jar:5.1.6.RELEASE]
	at org.springframework.beans.factory.support.AbstractAutowireCapableBeanFactory.createBean(AbstractAutowireCapableBeanFactory.java:515) ~[spring-beans-5.1.6.RELEASE.jar:5.1.6.RELEASE]
	at org.springframework.beans.factory.support.AbstractBeanFactory.lambda$doGetBean$0(AbstractBeanFactory.java:320) ~[spring-beans-5.1.6.RELEASE.jar:5.1.6.RELEASE]
	at org.springframework.beans.factory.support.DefaultSingletonBeanRegistry.getSingleton(DefaultSingletonBeanRegistry.java:222) ~[spring-beans-5.1.6.RELEASE.jar:5.1.6.RELEASE]
	at org.springframework.beans.factory.support.AbstractBeanFactory.doGetBean(AbstractBeanFactory.java:318) ~[spring-beans-5.1.6.RELEASE.jar:5.1.6.RELEASE]
	at org.springframework.beans.factory.support.AbstractBeanFactory.getBean(AbstractBeanFactory.java:199) ~[spring-beans-5.1.6.RELEASE.jar:5.1.6.RELEASE]
	at org.springframework.beans.factory.support.DefaultListableBeanFactory.preInstantiateSingletons(DefaultListableBeanFactory.java:849) ~[spring-beans-5.1.6.RELEASE.jar:5.1.6.RELEASE]
	at org.springframework.context.support.AbstractApplicationContext.finishBeanFactoryInitialization(AbstractApplicationContext.java:877) ~[spring-context-5.1.6.RELEASE.jar:5.1.6.RELEASE]
	at org.springframework.context.support.AbstractApplicationContext.refresh(AbstractApplicationContext.java:549) ~[spring-context-5.1.6.RELEASE.jar:5.1.6.RELEASE]
	at org.springframework.boot.web.servlet.context.ServletWebServerApplicationContext.refresh(ServletWebServerApplicationContext.java:142) ~[spring-boot-2.1.4.RELEASE.jar:2.1.4.RELEASE]
	at org.springframework.boot.SpringApplication.refresh(SpringApplication.java:775) [spring-boot-2.1.4.RELEASE.jar:2.1.4.RELEASE]
	at org.springframework.boot.SpringApplication.refreshContext(SpringApplication.java:397) [spring-boot-2.1.4.RELEASE.jar:2.1.4.RELEASE]
	at org.springframework.boot.SpringApplication.run(SpringApplication.java:316) [spring-boot-2.1.4.RELEASE.jar:2.1.4.RELEASE]
	at org.springframework.boot.SpringApplication.run(SpringApplication.java:1260) [spring-boot-2.1.4.RELEASE.jar:2.1.4.RELEASE]
	at org.springframework.boot.SpringApplication.run(SpringApplication.java:1248) [spring-boot-2.1.4.RELEASE.jar:2.1.4.RELEASE]
	at soda.cantfind.apply.ApplyApplication.main(ApplyApplication.java:21) [classes/:?]
	at sun.reflect.NativeMethodAccessorImpl.invoke0(Native Method) ~[?:1.8.0_201]
	at sun.reflect.NativeMethodAccessorImpl.invoke(NativeMethodAccessorImpl.java:62) ~[?:1.8.0_201]
	at sun.reflect.DelegatingMethodAccessorImpl.invoke(DelegatingMethodAccessorImpl.java:43) ~[?:1.8.0_201]
	at java.lang.reflect.Method.invoke(Method.java:498) ~[?:1.8.0_201]
	at org.springframework.boot.devtools.restart.RestartLauncher.run(RestartLauncher.java:49) [spring-boot-devtools-2.1.4.RELEASE.jar:2.1.4.RELEASE]
Caused by: org.springframework.beans.factory.UnsatisfiedDependencyException: Error creating bean with name 'webMvcRequestHandlerProvider' defined in URL [jar:file:/C:/Users/soda/.m2/repository/io/springfox/springfox-spring-web/2.9.2/springfox-spring-web-2.9.2.jar!/springfox/documentation/spring/web/plugins/WebMvcRequestHandlerProvider.class]: Unsatisfied dependency expressed through constructor parameter 1; nested exception is org.springframework.beans.factory.BeanCreationException: Error creating bean with name 'requestMappingHandlerMapping' defined in class path resource [soda/module/core/web/config/WebConfig.class]: Invocation of init method failed; nested exception is java.lang.IllegalStateException: Ambiguous mapping. Cannot map 'userAuthController' method 
public soda.module.core.web.response.ResponseModel soda.module.user.controller.UserAuthController.getAllAuth()
to {GET /user-auth}: There is already 'userAuthController' bean method
public soda.module.core.web.response.ResponseModel<soda.module.user.entity.UserAuth> soda.module.user.controller.UserAuthController.getAuthListByRoleId(int) mapped.
	at org.springframework.beans.factory.support.ConstructorResolver.createArgumentArray(ConstructorResolver.java:769) ~[spring-beans-5.1.6.RELEASE.jar:5.1.6.RELEASE]
	at org.springframework.beans.factory.support.ConstructorResolver.autowireConstructor(ConstructorResolver.java:218) ~[spring-beans-5.1.6.RELEASE.jar:5.1.6.RELEASE]
	at org.springframework.beans.factory.support.AbstractAutowireCapableBeanFactory.autowireConstructor(AbstractAutowireCapableBeanFactory.java:1341) ~[spring-beans-5.1.6.RELEASE.jar:5.1.6.RELEASE]
	at org.springframework.beans.factory.support.AbstractAutowireCapableBeanFactory.createBeanInstance(AbstractAutowireCapableBeanFactory.java:1187) ~[spring-beans-5.1.6.RELEASE.jar:5.1.6.RELEASE]
	at org.springframework.beans.factory.support.AbstractAutowireCapableBeanFactory.doCreateBean(AbstractAutowireCapableBeanFactory.java:555) ~[spring-beans-5.1.6.RELEASE.jar:5.1.6.RELEASE]
	at org.springframework.beans.factory.support.AbstractAutowireCapableBeanFactory.createBean(AbstractAutowireCapableBeanFactory.java:515) ~[spring-beans-5.1.6.RELEASE.jar:5.1.6.RELEASE]
	at org.springframework.beans.factory.support.AbstractBeanFactory.lambda$doGetBean$0(AbstractBeanFactory.java:320) ~[spring-beans-5.1.6.RELEASE.jar:5.1.6.RELEASE]
	at org.springframework.beans.factory.support.DefaultSingletonBeanRegistry.getSingleton(DefaultSingletonBeanRegistry.java:222) ~[spring-beans-5.1.6.RELEASE.jar:5.1.6.RELEASE]
	at org.springframework.beans.factory.support.AbstractBeanFactory.doGetBean(AbstractBeanFactory.java:318) ~[spring-beans-5.1.6.RELEASE.jar:5.1.6.RELEASE]
	at org.springframework.beans.factory.support.AbstractBeanFactory.getBean(AbstractBeanFactory.java:199) ~[spring-beans-5.1.6.RELEASE.jar:5.1.6.RELEASE]
	at org.springframework.beans.factory.config.DependencyDescriptor.resolveCandidate(DependencyDescriptor.java:277) ~[spring-beans-5.1.6.RELEASE.jar:5.1.6.RELEASE]
	at org.springframework.beans.factory.support.DefaultListableBeanFactory.addCandidateEntry(DefaultListableBeanFactory.java:1463) ~[spring-beans-5.1.6.RELEASE.jar:5.1.6.RELEASE]
	at org.springframework.beans.factory.support.DefaultListableBeanFactory.findAutowireCandidates(DefaultListableBeanFactory.java:1427) ~[spring-beans-5.1.6.RELEASE.jar:5.1.6.RELEASE]
	at org.springframework.beans.factory.support.DefaultListableBeanFactory.resolveMultipleBeans(DefaultListableBeanFactory.java:1318) ~[spring-beans-5.1.6.RELEASE.jar:5.1.6.RELEASE]
	at org.springframework.beans.factory.support.DefaultListableBeanFactory.doResolveDependency(DefaultListableBeanFactory.java:1205) ~[spring-beans-5.1.6.RELEASE.jar:5.1.6.RELEASE]
	at org.springframework.beans.factory.support.DefaultListableBeanFactory.resolveDependency(DefaultListableBeanFactory.java:1167) ~[spring-beans-5.1.6.RELEASE.jar:5.1.6.RELEASE]
	at org.springframework.beans.factory.support.ConstructorResolver.resolveAutowiredArgument(ConstructorResolver.java:857) ~[spring-beans-5.1.6.RELEASE.jar:5.1.6.RELEASE]
	at org.springframework.beans.factory.support.ConstructorResolver.createArgumentArray(ConstructorResolver.java:760) ~[spring-beans-5.1.6.RELEASE.jar:5.1.6.RELEASE]
	... 24 more
Caused by: org.springframework.beans.factory.BeanCreationException: Error creating bean with name 'requestMappingHandlerMapping' defined in class path resource [soda/module/core/web/config/WebConfig.class]: Invocation of init method failed; nested exception is java.lang.IllegalStateException: Ambiguous mapping. Cannot map 'userAuthController' method 
public soda.module.core.web.response.ResponseModel soda.module.user.controller.UserAuthController.getAllAuth()
to {GET /user-auth}: There is already 'userAuthController' bean method
public soda.module.core.web.response.ResponseModel<soda.module.user.entity.UserAuth> soda.module.user.controller.UserAuthController.getAuthListByRoleId(int) mapped.
	at org.springframework.beans.factory.support.AbstractAutowireCapableBeanFactory.initializeBean(AbstractAutowireCapableBeanFactory.java:1778) ~[spring-beans-5.1.6.RELEASE.jar:5.1.6.RELEASE]
	at org.springframework.beans.factory.support.AbstractAutowireCapableBeanFactory.doCreateBean(AbstractAutowireCapableBeanFactory.java:593) ~[spring-beans-5.1.6.RELEASE.jar:5.1.6.RELEASE]
	at org.springframework.beans.factory.support.AbstractAutowireCapableBeanFactory.createBean(AbstractAutowireCapableBeanFactory.java:515) ~[spring-beans-5.1.6.RELEASE.jar:5.1.6.RELEASE]
	at org.springframework.beans.factory.support.AbstractBeanFactory.lambda$doGetBean$0(AbstractBeanFactory.java:320) ~[spring-beans-5.1.6.RELEASE.jar:5.1.6.RELEASE]
	at org.springframework.beans.factory.support.DefaultSingletonBeanRegistry.getSingleton(DefaultSingletonBeanRegistry.java:222) ~[spring-beans-5.1.6.RELEASE.jar:5.1.6.RELEASE]
	at org.springframework.beans.factory.support.AbstractBeanFactory.doGetBean(AbstractBeanFactory.java:318) ~[spring-beans-5.1.6.RELEASE.jar:5.1.6.RELEASE]
	at org.springframework.beans.factory.support.AbstractBeanFactory.getBean(AbstractBeanFactory.java:199) ~[spring-beans-5.1.6.RELEASE.jar:5.1.6.RELEASE]
	at org.springframework.beans.factory.config.DependencyDescriptor.resolveCandidate(DependencyDescriptor.java:277) ~[spring-beans-5.1.6.RELEASE.jar:5.1.6.RELEASE]
	at org.springframework.beans.factory.support.DefaultListableBeanFactory.addCandidateEntry(DefaultListableBeanFactory.java:1463) ~[spring-beans-5.1.6.RELEASE.jar:5.1.6.RELEASE]
	at org.springframework.beans.factory.support.DefaultListableBeanFactory.findAutowireCandidates(DefaultListableBeanFactory.java:1427) ~[spring-beans-5.1.6.RELEASE.jar:5.1.6.RELEASE]
	at org.springframework.beans.factory.support.DefaultListableBeanFactory.resolveMultipleBeans(DefaultListableBeanFactory.java:1318) ~[spring-beans-5.1.6.RELEASE.jar:5.1.6.RELEASE]
	at org.springframework.beans.factory.support.DefaultListableBeanFactory.doResolveDependency(DefaultListableBeanFactory.java:1205) ~[spring-beans-5.1.6.RELEASE.jar:5.1.6.RELEASE]
	at org.springframework.beans.factory.support.DefaultListableBeanFactory.resolveDependency(DefaultListableBeanFactory.java:1167) ~[spring-beans-5.1.6.RELEASE.jar:5.1.6.RELEASE]
	at org.springframework.beans.factory.support.ConstructorResolver.resolveAutowiredArgument(ConstructorResolver.java:857) ~[spring-beans-5.1.6.RELEASE.jar:5.1.6.RELEASE]
	at org.springframework.beans.factory.support.ConstructorResolver.createArgumentArray(ConstructorResolver.java:760) ~[spring-beans-5.1.6.RELEASE.jar:5.1.6.RELEASE]
	at org.springframework.beans.factory.support.ConstructorResolver.autowireConstructor(ConstructorResolver.java:218) ~[spring-beans-5.1.6.RELEASE.jar:5.1.6.RELEASE]
	at org.springframework.beans.factory.support.AbstractAutowireCapableBeanFactory.autowireConstructor(AbstractAutowireCapableBeanFactory.java:1341) ~[spring-beans-5.1.6.RELEASE.jar:5.1.6.RELEASE]
	at org.springframework.beans.factory.support.AbstractAutowireCapableBeanFactory.createBeanInstance(AbstractAutowireCapableBeanFactory.java:1187) ~[spring-beans-5.1.6.RELEASE.jar:5.1.6.RELEASE]
	at org.springframework.beans.factory.support.AbstractAutowireCapableBeanFactory.doCreateBean(AbstractAutowireCapableBeanFactory.java:555) ~[spring-beans-5.1.6.RELEASE.jar:5.1.6.RELEASE]
	at org.springframework.beans.factory.support.AbstractAutowireCapableBeanFactory.createBean(AbstractAutowireCapableBeanFactory.java:515) ~[spring-beans-5.1.6.RELEASE.jar:5.1.6.RELEASE]
	at org.springframework.beans.factory.support.AbstractBeanFactory.lambda$doGetBean$0(AbstractBeanFactory.java:320) ~[spring-beans-5.1.6.RELEASE.jar:5.1.6.RELEASE]
	at org.springframework.beans.factory.support.DefaultSingletonBeanRegistry.getSingleton(DefaultSingletonBeanRegistry.java:222) ~[spring-beans-5.1.6.RELEASE.jar:5.1.6.RELEASE]
	at org.springframework.beans.factory.support.AbstractBeanFactory.doGetBean(AbstractBeanFactory.java:318) ~[spring-beans-5.1.6.RELEASE.jar:5.1.6.RELEASE]
	at org.springframework.beans.factory.support.AbstractBeanFactory.getBean(AbstractBeanFactory.java:199) ~[spring-beans-5.1.6.RELEASE.jar:5.1.6.RELEASE]
	at org.springframework.beans.factory.config.DependencyDescriptor.resolveCandidate(DependencyDescriptor.java:277) ~[spring-beans-5.1.6.RELEASE.jar:5.1.6.RELEASE]
	at org.springframework.beans.factory.support.DefaultListableBeanFactory.addCandidateEntry(DefaultListableBeanFactory.java:1463) ~[spring-beans-5.1.6.RELEASE.jar:5.1.6.RELEASE]
	at org.springframework.beans.factory.support.DefaultListableBeanFactory.findAutowireCandidates(DefaultListableBeanFactory.java:1427) ~[spring-beans-5.1.6.RELEASE.jar:5.1.6.RELEASE]
	at org.springframework.beans.factory.support.DefaultListableBeanFactory.resolveMultipleBeans(DefaultListableBeanFactory.java:1318) ~[spring-beans-5.1.6.RELEASE.jar:5.1.6.RELEASE]
	at org.springframework.beans.factory.support.DefaultListableBeanFactory.doResolveDependency(DefaultListableBeanFactory.java:1205) ~[spring-beans-5.1.6.RELEASE.jar:5.1.6.RELEASE]
	at org.springframework.beans.factory.support.DefaultListableBeanFactory.resolveDependency(DefaultListableBeanFactory.java:1167) ~[spring-beans-5.1.6.RELEASE.jar:5.1.6.RELEASE]
	at org.springframework.beans.factory.support.ConstructorResolver.resolveAutowiredArgument(ConstructorResolver.java:857) ~[spring-beans-5.1.6.RELEASE.jar:5.1.6.RELEASE]
	at org.springframework.beans.factory.support.ConstructorResolver.createArgumentArray(ConstructorResolver.java:760) ~[spring-beans-5.1.6.RELEASE.jar:5.1.6.RELEASE]
	... 24 more
Caused by: java.lang.IllegalStateException: Ambiguous mapping. Cannot map 'userAuthController' method 
public soda.module.core.web.response.ResponseModel soda.module.user.controller.UserAuthController.getAllAuth()
to {GET /user-auth}: There is already 'userAuthController' bean method
public soda.module.core.web.response.ResponseModel<soda.module.user.entity.UserAuth> soda.module.user.controller.UserAuthController.getAuthListByRoleId(int) mapped.
	at org.springframework.web.servlet.handler.AbstractHandlerMethodMapping$MappingRegistry.assertUniqueMethodMapping(AbstractHandlerMethodMapping.java:618) ~[spring-webmvc-5.1.6.RELEASE.jar:5.1.6.RELEASE]
	at org.springframework.web.servlet.handler.AbstractHandlerMethodMapping$MappingRegistry.register(AbstractHandlerMethodMapping.java:586) ~[spring-webmvc-5.1.6.RELEASE.jar:5.1.6.RELEASE]
	at org.springframework.web.servlet.handler.AbstractHandlerMethodMapping.registerHandlerMethod(AbstractHandlerMethodMapping.java:312) ~[spring-webmvc-5.1.6.RELEASE.jar:5.1.6.RELEASE]
	at org.springframework.web.servlet.handler.AbstractHandlerMethodMapping.lambda$detectHandlerMethods$1(AbstractHandlerMethodMapping.java:282) ~[spring-webmvc-5.1.6.RELEASE.jar:5.1.6.RELEASE]
	at java.util.LinkedHashMap.forEach(LinkedHashMap.java:684) ~[?:1.8.0_201]
	at org.springframework.web.servlet.handler.AbstractHandlerMethodMapping.detectHandlerMethods(AbstractHandlerMethodMapping.java:280) ~[spring-webmvc-5.1.6.RELEASE.jar:5.1.6.RELEASE]
	at org.springframework.web.servlet.handler.AbstractHandlerMethodMapping.processCandidateBean(AbstractHandlerMethodMapping.java:252) ~[spring-webmvc-5.1.6.RELEASE.jar:5.1.6.RELEASE]
	at org.springframework.web.servlet.handler.AbstractHandlerMethodMapping.initHandlerMethods(AbstractHandlerMethodMapping.java:211) ~[spring-webmvc-5.1.6.RELEASE.jar:5.1.6.RELEASE]
	at org.springframework.web.servlet.handler.AbstractHandlerMethodMapping.afterPropertiesSet(AbstractHandlerMethodMapping.java:199) ~[spring-webmvc-5.1.6.RELEASE.jar:5.1.6.RELEASE]
	at org.springframework.web.servlet.mvc.method.annotation.RequestMappingHandlerMapping.afterPropertiesSet(RequestMappingHandlerMapping.java:164) ~[spring-webmvc-5.1.6.RELEASE.jar:5.1.6.RELEASE]
	at org.springframework.beans.factory.support.AbstractAutowireCapableBeanFactory.invokeInitMethods(AbstractAutowireCapableBeanFactory.java:1837) ~[spring-beans-5.1.6.RELEASE.jar:5.1.6.RELEASE]
	at org.springframework.beans.factory.support.AbstractAutowireCapableBeanFactory.initializeBean(AbstractAutowireCapableBeanFactory.java:1774) ~[spring-beans-5.1.6.RELEASE.jar:5.1.6.RELEASE]
	at org.springframework.beans.factory.support.AbstractAutowireCapableBeanFactory.doCreateBean(AbstractAutowireCapableBeanFactory.java:593) ~[spring-beans-5.1.6.RELEASE.jar:5.1.6.RELEASE]
	at org.springframework.beans.factory.support.AbstractAutowireCapableBeanFactory.createBean(AbstractAutowireCapableBeanFactory.java:515) ~[spring-beans-5.1.6.RELEASE.jar:5.1.6.RELEASE]
	at org.springframework.beans.factory.support.AbstractBeanFactory.lambda$doGetBean$0(AbstractBeanFactory.java:320) ~[spring-beans-5.1.6.RELEASE.jar:5.1.6.RELEASE]
	at org.springframework.beans.factory.support.DefaultSingletonBeanRegistry.getSingleton(DefaultSingletonBeanRegistry.java:222) ~[spring-beans-5.1.6.RELEASE.jar:5.1.6.RELEASE]
	at org.springframework.beans.factory.support.AbstractBeanFactory.doGetBean(AbstractBeanFactory.java:318) ~[spring-beans-5.1.6.RELEASE.jar:5.1.6.RELEASE]
	at org.springframework.beans.factory.support.AbstractBeanFactory.getBean(AbstractBeanFactory.java:199) ~[spring-beans-5.1.6.RELEASE.jar:5.1.6.RELEASE]
	at org.springframework.beans.factory.config.DependencyDescriptor.resolveCandidate(DependencyDescriptor.java:277) ~[spring-beans-5.1.6.RELEASE.jar:5.1.6.RELEASE]
	at org.springframework.beans.factory.support.DefaultListableBeanFactory.addCandidateEntry(DefaultListableBeanFactory.java:1463) ~[spring-beans-5.1.6.RELEASE.jar:5.1.6.RELEASE]
	at org.springframework.beans.factory.support.DefaultListableBeanFactory.findAutowireCandidates(DefaultListableBeanFactory.java:1427) ~[spring-beans-5.1.6.RELEASE.jar:5.1.6.RELEASE]
	at org.springframework.beans.factory.support.DefaultListableBeanFactory.resolveMultipleBeans(DefaultListableBeanFactory.java:1318) ~[spring-beans-5.1.6.RELEASE.jar:5.1.6.RELEASE]
	at org.springframework.beans.factory.support.DefaultListableBeanFactory.doResolveDependency(DefaultListableBeanFactory.java:1205) ~[spring-beans-5.1.6.RELEASE.jar:5.1.6.RELEASE]
	at org.springframework.beans.factory.support.DefaultListableBeanFactory.resolveDependency(DefaultListableBeanFactory.java:1167) ~[spring-beans-5.1.6.RELEASE.jar:5.1.6.RELEASE]
	at org.springframework.beans.factory.support.ConstructorResolver.resolveAutowiredArgument(ConstructorResolver.java:857) ~[spring-beans-5.1.6.RELEASE.jar:5.1.6.RELEASE]
	at org.springframework.beans.factory.support.ConstructorResolver.createArgumentArray(ConstructorResolver.java:760) ~[spring-beans-5.1.6.RELEASE.jar:5.1.6.RELEASE]
	at org.springframework.beans.factory.support.ConstructorResolver.autowireConstructor(ConstructorResolver.java:218) ~[spring-beans-5.1.6.RELEASE.jar:5.1.6.RELEASE]
	at org.springframework.beans.factory.support.AbstractAutowireCapableBeanFactory.autowireConstructor(AbstractAutowireCapableBeanFactory.java:1341) ~[spring-beans-5.1.6.RELEASE.jar:5.1.6.RELEASE]
	at org.springframework.beans.factory.support.AbstractAutowireCapableBeanFactory.createBeanInstance(AbstractAutowireCapableBeanFactory.java:1187) ~[spring-beans-5.1.6.RELEASE.jar:5.1.6.RELEASE]
	at org.springframework.beans.factory.support.AbstractAutowireCapableBeanFactory.doCreateBean(AbstractAutowireCapableBeanFactory.java:555) ~[spring-beans-5.1.6.RELEASE.jar:5.1.6.RELEASE]
	at org.springframework.beans.factory.support.AbstractAutowireCapableBeanFactory.createBean(AbstractAutowireCapableBeanFactory.java:515) ~[spring-beans-5.1.6.RELEASE.jar:5.1.6.RELEASE]
	at org.springframework.beans.factory.support.AbstractBeanFactory.lambda$doGetBean$0(AbstractBeanFactory.java:320) ~[spring-beans-5.1.6.RELEASE.jar:5.1.6.RELEASE]
	at org.springframework.beans.factory.support.DefaultSingletonBeanRegistry.getSingleton(DefaultSingletonBeanRegistry.java:222) ~[spring-beans-5.1.6.RELEASE.jar:5.1.6.RELEASE]
	at org.springframework.beans.factory.support.AbstractBeanFactory.doGetBean(AbstractBeanFactory.java:318) ~[spring-beans-5.1.6.RELEASE.jar:5.1.6.RELEASE]
	at org.springframework.beans.factory.support.AbstractBeanFactory.getBean(AbstractBeanFactory.java:199) ~[spring-beans-5.1.6.RELEASE.jar:5.1.6.RELEASE]
	at org.springframework.beans.factory.config.DependencyDescriptor.resolveCandidate(DependencyDescriptor.java:277) ~[spring-beans-5.1.6.RELEASE.jar:5.1.6.RELEASE]
	at org.springframework.beans.factory.support.DefaultListableBeanFactory.addCandidateEntry(DefaultListableBeanFactory.java:1463) ~[spring-beans-5.1.6.RELEASE.jar:5.1.6.RELEASE]
	at org.springframework.beans.factory.support.DefaultListableBeanFactory.findAutowireCandidates(DefaultListableBeanFactory.java:1427) ~[spring-beans-5.1.6.RELEASE.jar:5.1.6.RELEASE]
	at org.springframework.beans.factory.support.DefaultListableBeanFactory.resolveMultipleBeans(DefaultListableBeanFactory.java:1318) ~[spring-beans-5.1.6.RELEASE.jar:5.1.6.RELEASE]
	at org.springframework.beans.factory.support.DefaultListableBeanFactory.doResolveDependency(DefaultListableBeanFactory.java:1205) ~[spring-beans-5.1.6.RELEASE.jar:5.1.6.RELEASE]
	at org.springframework.beans.factory.support.DefaultListableBeanFactory.resolveDependency(DefaultListableBeanFactory.java:1167) ~[spring-beans-5.1.6.RELEASE.jar:5.1.6.RELEASE]
	at org.springframework.beans.factory.support.ConstructorResolver.resolveAutowiredArgument(ConstructorResolver.java:857) ~[spring-beans-5.1.6.RELEASE.jar:5.1.6.RELEASE]
	at org.springframework.beans.factory.support.ConstructorResolver.createArgumentArray(ConstructorResolver.java:760) ~[spring-beans-5.1.6.RELEASE.jar:5.1.6.RELEASE]
	... 24 more
[14:28:08:867] [WARN] - org.mybatis.logging.Logger.warn(Logger.java:44) - Skipping MapperFactoryBean with name 'userAuthMapper' and 'soda.module.user.mapper.UserAuthMapper' mapperInterface. Bean already defined with the same name!
[14:28:08:882] [WARN] - org.mybatis.logging.Logger.warn(Logger.java:44) - Skipping MapperFactoryBean with name 'userInfoMapper' and 'soda.module.user.mapper.UserInfoMapper' mapperInterface. Bean already defined with the same name!
[14:28:08:882] [WARN] - org.mybatis.logging.Logger.warn(Logger.java:44) - Skipping MapperFactoryBean with name 'userMiniappMapper' and 'soda.module.user.mapper.UserMiniappMapper' mapperInterface. Bean already defined with the same name!
[14:28:08:882] [WARN] - org.mybatis.logging.Logger.warn(Logger.java:44) - Skipping MapperFactoryBean with name 'userRoleAuthMapper' and 'soda.module.user.mapper.UserRoleAuthMapper' mapperInterface. Bean already defined with the same name!
[14:28:08:882] [WARN] - org.mybatis.logging.Logger.warn(Logger.java:44) - Skipping MapperFactoryBean with name 'userRoleMapper' and 'soda.module.user.mapper.UserRoleMapper' mapperInterface. Bean already defined with the same name!
[14:28:08:882] [WARN] - org.mybatis.logging.Logger.warn(Logger.java:44) - Skipping MapperFactoryBean with name 'userTokenMapper' and 'soda.module.user.mapper.UserTokenMapper' mapperInterface. Bean already defined with the same name!
[14:28:12:272] [WARN] - org.springframework.context.support.AbstractApplicationContext.refresh(AbstractApplicationContext.java:557) - Exception encountered during context initialization - cancelling refresh attempt: org.springframework.beans.factory.UnsatisfiedDependencyException: Error creating bean with name 'documentationPluginsBootstrapper' defined in URL [jar:file:/C:/Users/soda/.m2/repository/io/springfox/springfox-spring-web/2.9.2/springfox-spring-web-2.9.2.jar!/springfox/documentation/spring/web/plugins/DocumentationPluginsBootstrapper.class]: Unsatisfied dependency expressed through constructor parameter 1; nested exception is org.springframework.beans.factory.UnsatisfiedDependencyException: Error creating bean with name 'webMvcRequestHandlerProvider' defined in URL [jar:file:/C:/Users/soda/.m2/repository/io/springfox/springfox-spring-web/2.9.2/springfox-spring-web-2.9.2.jar!/springfox/documentation/spring/web/plugins/WebMvcRequestHandlerProvider.class]: Unsatisfied dependency expressed through constructor parameter 1; nested exception is org.springframework.beans.factory.BeanCreationException: Error creating bean with name 'requestMappingHandlerMapping' defined in class path resource [soda/module/core/web/config/WebConfig.class]: Invocation of init method failed; nested exception is java.lang.IllegalStateException: Ambiguous mapping. Cannot map 'userAuthController' method 
public soda.module.core.web.response.ResponseModel<soda.module.user.entity.UserAuth> soda.module.user.controller.UserAuthController.getAuthListByRoleId(int)
to {GET /user-auth}: There is already 'userAuthController' bean method
public soda.module.core.web.response.ResponseModel soda.module.user.controller.UserAuthController.getAllAuth() mapped.
[14:28:12:647] [WARN] - org.apache.juli.logging.DirectJDKLog.log(DirectJDKLog.java:173) - The web application [ROOT] appears to have started a thread named [ForkJoinPool.commonPool-worker-1] but has failed to stop it. This is very likely to create a memory leak. Stack trace of thread:
 sun.misc.Unsafe.park(Native Method)
 java.util.concurrent.ForkJoinPool.awaitWork(ForkJoinPool.java:1824)
 java.util.concurrent.ForkJoinPool.runWorker(ForkJoinPool.java:1693)
 java.util.concurrent.ForkJoinWorkerThread.run(ForkJoinWorkerThread.java:157)
[14:28:12:647] [WARN] - org.apache.juli.logging.DirectJDKLog.log(DirectJDKLog.java:173) - The web application [ROOT] appears to have started a thread named [ForkJoinPool.commonPool-worker-2] but has failed to stop it. This is very likely to create a memory leak. Stack trace of thread:
 sun.misc.Unsafe.park(Native Method)
 java.util.concurrent.ForkJoinPool.awaitWork(ForkJoinPool.java:1824)
 java.util.concurrent.ForkJoinPool.runWorker(ForkJoinPool.java:1693)
 java.util.concurrent.ForkJoinWorkerThread.run(ForkJoinWorkerThread.java:157)
[14:28:12:647] [WARN] - org.apache.juli.logging.DirectJDKLog.log(DirectJDKLog.java:173) - The web application [ROOT] appears to have started a thread named [ForkJoinPool.commonPool-worker-3] but has failed to stop it. This is very likely to create a memory leak. Stack trace of thread:
 sun.misc.Unsafe.park(Native Method)
 java.util.concurrent.ForkJoinPool.awaitWork(ForkJoinPool.java:1824)
 java.util.concurrent.ForkJoinPool.runWorker(ForkJoinPool.java:1693)
 java.util.concurrent.ForkJoinWorkerThread.run(ForkJoinWorkerThread.java:157)
[14:28:12:647] [WARN] - org.apache.juli.logging.DirectJDKLog.log(DirectJDKLog.java:173) - The web application [ROOT] appears to have started a thread named [ForkJoinPool.commonPool-worker-4] but has failed to stop it. This is very likely to create a memory leak. Stack trace of thread:
 sun.misc.Unsafe.park(Native Method)
 java.util.concurrent.ForkJoinPool.awaitWork(ForkJoinPool.java:1824)
 java.util.concurrent.ForkJoinPool.runWorker(ForkJoinPool.java:1693)
 java.util.concurrent.ForkJoinWorkerThread.run(ForkJoinWorkerThread.java:157)
[14:28:12:647] [WARN] - org.apache.juli.logging.DirectJDKLog.log(DirectJDKLog.java:173) - The web application [ROOT] appears to have started a thread named [ForkJoinPool.commonPool-worker-5] but has failed to stop it. This is very likely to create a memory leak. Stack trace of thread:
 sun.misc.Unsafe.park(Native Method)
 java.util.concurrent.ForkJoinPool.awaitWork(ForkJoinPool.java:1824)
 java.util.concurrent.ForkJoinPool.runWorker(ForkJoinPool.java:1693)
 java.util.concurrent.ForkJoinWorkerThread.run(ForkJoinWorkerThread.java:157)
[14:28:12:647] [WARN] - org.apache.juli.logging.DirectJDKLog.log(DirectJDKLog.java:173) - The web application [ROOT] appears to have started a thread named [ForkJoinPool.commonPool-worker-6] but has failed to stop it. This is very likely to create a memory leak. Stack trace of thread:
 sun.misc.Unsafe.park(Native Method)
 java.util.concurrent.ForkJoinPool.awaitWork(ForkJoinPool.java:1824)
 java.util.concurrent.ForkJoinPool.runWorker(ForkJoinPool.java:1693)
 java.util.concurrent.ForkJoinWorkerThread.run(ForkJoinWorkerThread.java:157)
[14:28:12:663] [WARN] - org.apache.juli.logging.DirectJDKLog.log(DirectJDKLog.java:173) - The web application [ROOT] appears to have started a thread named [ForkJoinPool.commonPool-worker-7] but has failed to stop it. This is very likely to create a memory leak. Stack trace of thread:
 sun.misc.Unsafe.park(Native Method)
 java.util.concurrent.ForkJoinPool.awaitWork(ForkJoinPool.java:1824)
 java.util.concurrent.ForkJoinPool.runWorker(ForkJoinPool.java:1693)
 java.util.concurrent.ForkJoinWorkerThread.run(ForkJoinWorkerThread.java:157)
[14:28:12:663] [ERROR] - org.springframework.boot.SpringApplication.reportFailure(SpringApplication.java:858) - Application run failed
org.springframework.beans.factory.UnsatisfiedDependencyException: Error creating bean with name 'documentationPluginsBootstrapper' defined in URL [jar:file:/C:/Users/soda/.m2/repository/io/springfox/springfox-spring-web/2.9.2/springfox-spring-web-2.9.2.jar!/springfox/documentation/spring/web/plugins/DocumentationPluginsBootstrapper.class]: Unsatisfied dependency expressed through constructor parameter 1; nested exception is org.springframework.beans.factory.UnsatisfiedDependencyException: Error creating bean with name 'webMvcRequestHandlerProvider' defined in URL [jar:file:/C:/Users/soda/.m2/repository/io/springfox/springfox-spring-web/2.9.2/springfox-spring-web-2.9.2.jar!/springfox/documentation/spring/web/plugins/WebMvcRequestHandlerProvider.class]: Unsatisfied dependency expressed through constructor parameter 1; nested exception is org.springframework.beans.factory.BeanCreationException: Error creating bean with name 'requestMappingHandlerMapping' defined in class path resource [soda/module/core/web/config/WebConfig.class]: Invocation of init method failed; nested exception is java.lang.IllegalStateException: Ambiguous mapping. Cannot map 'userAuthController' method 
public soda.module.core.web.response.ResponseModel<soda.module.user.entity.UserAuth> soda.module.user.controller.UserAuthController.getAuthListByRoleId(int)
to {GET /user-auth}: There is already 'userAuthController' bean method
public soda.module.core.web.response.ResponseModel soda.module.user.controller.UserAuthController.getAllAuth() mapped.
	at org.springframework.beans.factory.support.ConstructorResolver.createArgumentArray(ConstructorResolver.java:769) ~[spring-beans-5.1.6.RELEASE.jar:5.1.6.RELEASE]
	at org.springframework.beans.factory.support.ConstructorResolver.autowireConstructor(ConstructorResolver.java:218) ~[spring-beans-5.1.6.RELEASE.jar:5.1.6.RELEASE]
	at org.springframework.beans.factory.support.AbstractAutowireCapableBeanFactory.autowireConstructor(AbstractAutowireCapableBeanFactory.java:1341) ~[spring-beans-5.1.6.RELEASE.jar:5.1.6.RELEASE]
	at org.springframework.beans.factory.support.AbstractAutowireCapableBeanFactory.createBeanInstance(AbstractAutowireCapableBeanFactory.java:1187) ~[spring-beans-5.1.6.RELEASE.jar:5.1.6.RELEASE]
	at org.springframework.beans.factory.support.AbstractAutowireCapableBeanFactory.doCreateBean(AbstractAutowireCapableBeanFactory.java:555) ~[spring-beans-5.1.6.RELEASE.jar:5.1.6.RELEASE]
	at org.springframework.beans.factory.support.AbstractAutowireCapableBeanFactory.createBean(AbstractAutowireCapableBeanFactory.java:515) ~[spring-beans-5.1.6.RELEASE.jar:5.1.6.RELEASE]
	at org.springframework.beans.factory.support.AbstractBeanFactory.lambda$doGetBean$0(AbstractBeanFactory.java:320) ~[spring-beans-5.1.6.RELEASE.jar:5.1.6.RELEASE]
	at org.springframework.beans.factory.support.DefaultSingletonBeanRegistry.getSingleton(DefaultSingletonBeanRegistry.java:222) ~[spring-beans-5.1.6.RELEASE.jar:5.1.6.RELEASE]
	at org.springframework.beans.factory.support.AbstractBeanFactory.doGetBean(AbstractBeanFactory.java:318) ~[spring-beans-5.1.6.RELEASE.jar:5.1.6.RELEASE]
	at org.springframework.beans.factory.support.AbstractBeanFactory.getBean(AbstractBeanFactory.java:199) ~[spring-beans-5.1.6.RELEASE.jar:5.1.6.RELEASE]
	at org.springframework.beans.factory.support.DefaultListableBeanFactory.preInstantiateSingletons(DefaultListableBeanFactory.java:849) ~[spring-beans-5.1.6.RELEASE.jar:5.1.6.RELEASE]
	at org.springframework.context.support.AbstractApplicationContext.finishBeanFactoryInitialization(AbstractApplicationContext.java:877) ~[spring-context-5.1.6.RELEASE.jar:5.1.6.RELEASE]
	at org.springframework.context.support.AbstractApplicationContext.refresh(AbstractApplicationContext.java:549) ~[spring-context-5.1.6.RELEASE.jar:5.1.6.RELEASE]
	at org.springframework.boot.web.servlet.context.ServletWebServerApplicationContext.refresh(ServletWebServerApplicationContext.java:142) ~[spring-boot-2.1.4.RELEASE.jar:2.1.4.RELEASE]
	at org.springframework.boot.SpringApplication.refresh(SpringApplication.java:775) [spring-boot-2.1.4.RELEASE.jar:2.1.4.RELEASE]
	at org.springframework.boot.SpringApplication.refreshContext(SpringApplication.java:397) [spring-boot-2.1.4.RELEASE.jar:2.1.4.RELEASE]
	at org.springframework.boot.SpringApplication.run(SpringApplication.java:316) [spring-boot-2.1.4.RELEASE.jar:2.1.4.RELEASE]
	at org.springframework.boot.SpringApplication.run(SpringApplication.java:1260) [spring-boot-2.1.4.RELEASE.jar:2.1.4.RELEASE]
	at org.springframework.boot.SpringApplication.run(SpringApplication.java:1248) [spring-boot-2.1.4.RELEASE.jar:2.1.4.RELEASE]
	at soda.cantfind.apply.ApplyApplication.main(ApplyApplication.java:21) [classes/:?]
	at sun.reflect.NativeMethodAccessorImpl.invoke0(Native Method) ~[?:1.8.0_201]
	at sun.reflect.NativeMethodAccessorImpl.invoke(NativeMethodAccessorImpl.java:62) ~[?:1.8.0_201]
	at sun.reflect.DelegatingMethodAccessorImpl.invoke(DelegatingMethodAccessorImpl.java:43) ~[?:1.8.0_201]
	at java.lang.reflect.Method.invoke(Method.java:498) ~[?:1.8.0_201]
	at org.springframework.boot.devtools.restart.RestartLauncher.run(RestartLauncher.java:49) [spring-boot-devtools-2.1.4.RELEASE.jar:2.1.4.RELEASE]
Caused by: org.springframework.beans.factory.UnsatisfiedDependencyException: Error creating bean with name 'webMvcRequestHandlerProvider' defined in URL [jar:file:/C:/Users/soda/.m2/repository/io/springfox/springfox-spring-web/2.9.2/springfox-spring-web-2.9.2.jar!/springfox/documentation/spring/web/plugins/WebMvcRequestHandlerProvider.class]: Unsatisfied dependency expressed through constructor parameter 1; nested exception is org.springframework.beans.factory.BeanCreationException: Error creating bean with name 'requestMappingHandlerMapping' defined in class path resource [soda/module/core/web/config/WebConfig.class]: Invocation of init method failed; nested exception is java.lang.IllegalStateException: Ambiguous mapping. Cannot map 'userAuthController' method 
public soda.module.core.web.response.ResponseModel<soda.module.user.entity.UserAuth> soda.module.user.controller.UserAuthController.getAuthListByRoleId(int)
to {GET /user-auth}: There is already 'userAuthController' bean method
public soda.module.core.web.response.ResponseModel soda.module.user.controller.UserAuthController.getAllAuth() mapped.
	at org.springframework.beans.factory.support.ConstructorResolver.createArgumentArray(ConstructorResolver.java:769) ~[spring-beans-5.1.6.RELEASE.jar:5.1.6.RELEASE]
	at org.springframework.beans.factory.support.ConstructorResolver.autowireConstructor(ConstructorResolver.java:218) ~[spring-beans-5.1.6.RELEASE.jar:5.1.6.RELEASE]
	at org.springframework.beans.factory.support.AbstractAutowireCapableBeanFactory.autowireConstructor(AbstractAutowireCapableBeanFactory.java:1341) ~[spring-beans-5.1.6.RELEASE.jar:5.1.6.RELEASE]
	at org.springframework.beans.factory.support.AbstractAutowireCapableBeanFactory.createBeanInstance(AbstractAutowireCapableBeanFactory.java:1187) ~[spring-beans-5.1.6.RELEASE.jar:5.1.6.RELEASE]
	at org.springframework.beans.factory.support.AbstractAutowireCapableBeanFactory.doCreateBean(AbstractAutowireCapableBeanFactory.java:555) ~[spring-beans-5.1.6.RELEASE.jar:5.1.6.RELEASE]
	at org.springframework.beans.factory.support.AbstractAutowireCapableBeanFactory.createBean(AbstractAutowireCapableBeanFactory.java:515) ~[spring-beans-5.1.6.RELEASE.jar:5.1.6.RELEASE]
	at org.springframework.beans.factory.support.AbstractBeanFactory.lambda$doGetBean$0(AbstractBeanFactory.java:320) ~[spring-beans-5.1.6.RELEASE.jar:5.1.6.RELEASE]
	at org.springframework.beans.factory.support.DefaultSingletonBeanRegistry.getSingleton(DefaultSingletonBeanRegistry.java:222) ~[spring-beans-5.1.6.RELEASE.jar:5.1.6.RELEASE]
	at org.springframework.beans.factory.support.AbstractBeanFactory.doGetBean(AbstractBeanFactory.java:318) ~[spring-beans-5.1.6.RELEASE.jar:5.1.6.RELEASE]
	at org.springframework.beans.factory.support.AbstractBeanFactory.getBean(AbstractBeanFactory.java:199) ~[spring-beans-5.1.6.RELEASE.jar:5.1.6.RELEASE]
	at org.springframework.beans.factory.config.DependencyDescriptor.resolveCandidate(DependencyDescriptor.java:277) ~[spring-beans-5.1.6.RELEASE.jar:5.1.6.RELEASE]
	at org.springframework.beans.factory.support.DefaultListableBeanFactory.addCandidateEntry(DefaultListableBeanFactory.java:1463) ~[spring-beans-5.1.6.RELEASE.jar:5.1.6.RELEASE]
	at org.springframework.beans.factory.support.DefaultListableBeanFactory.findAutowireCandidates(DefaultListableBeanFactory.java:1427) ~[spring-beans-5.1.6.RELEASE.jar:5.1.6.RELEASE]
	at org.springframework.beans.factory.support.DefaultListableBeanFactory.resolveMultipleBeans(DefaultListableBeanFactory.java:1318) ~[spring-beans-5.1.6.RELEASE.jar:5.1.6.RELEASE]
	at org.springframework.beans.factory.support.DefaultListableBeanFactory.doResolveDependency(DefaultListableBeanFactory.java:1205) ~[spring-beans-5.1.6.RELEASE.jar:5.1.6.RELEASE]
	at org.springframework.beans.factory.support.DefaultListableBeanFactory.resolveDependency(DefaultListableBeanFactory.java:1167) ~[spring-beans-5.1.6.RELEASE.jar:5.1.6.RELEASE]
	at org.springframework.beans.factory.support.ConstructorResolver.resolveAutowiredArgument(ConstructorResolver.java:857) ~[spring-beans-5.1.6.RELEASE.jar:5.1.6.RELEASE]
	at org.springframework.beans.factory.support.ConstructorResolver.createArgumentArray(ConstructorResolver.java:760) ~[spring-beans-5.1.6.RELEASE.jar:5.1.6.RELEASE]
	... 24 more
Caused by: org.springframework.beans.factory.BeanCreationException: Error creating bean with name 'requestMappingHandlerMapping' defined in class path resource [soda/module/core/web/config/WebConfig.class]: Invocation of init method failed; nested exception is java.lang.IllegalStateException: Ambiguous mapping. Cannot map 'userAuthController' method 
public soda.module.core.web.response.ResponseModel<soda.module.user.entity.UserAuth> soda.module.user.controller.UserAuthController.getAuthListByRoleId(int)
to {GET /user-auth}: There is already 'userAuthController' bean method
public soda.module.core.web.response.ResponseModel soda.module.user.controller.UserAuthController.getAllAuth() mapped.
	at org.springframework.beans.factory.support.AbstractAutowireCapableBeanFactory.initializeBean(AbstractAutowireCapableBeanFactory.java:1778) ~[spring-beans-5.1.6.RELEASE.jar:5.1.6.RELEASE]
	at org.springframework.beans.factory.support.AbstractAutowireCapableBeanFactory.doCreateBean(AbstractAutowireCapableBeanFactory.java:593) ~[spring-beans-5.1.6.RELEASE.jar:5.1.6.RELEASE]
	at org.springframework.beans.factory.support.AbstractAutowireCapableBeanFactory.createBean(AbstractAutowireCapableBeanFactory.java:515) ~[spring-beans-5.1.6.RELEASE.jar:5.1.6.RELEASE]
	at org.springframework.beans.factory.support.AbstractBeanFactory.lambda$doGetBean$0(AbstractBeanFactory.java:320) ~[spring-beans-5.1.6.RELEASE.jar:5.1.6.RELEASE]
	at org.springframework.beans.factory.support.DefaultSingletonBeanRegistry.getSingleton(DefaultSingletonBeanRegistry.java:222) ~[spring-beans-5.1.6.RELEASE.jar:5.1.6.RELEASE]
	at org.springframework.beans.factory.support.AbstractBeanFactory.doGetBean(AbstractBeanFactory.java:318) ~[spring-beans-5.1.6.RELEASE.jar:5.1.6.RELEASE]
	at org.springframework.beans.factory.support.AbstractBeanFactory.getBean(AbstractBeanFactory.java:199) ~[spring-beans-5.1.6.RELEASE.jar:5.1.6.RELEASE]
	at org.springframework.beans.factory.config.DependencyDescriptor.resolveCandidate(DependencyDescriptor.java:277) ~[spring-beans-5.1.6.RELEASE.jar:5.1.6.RELEASE]
	at org.springframework.beans.factory.support.DefaultListableBeanFactory.addCandidateEntry(DefaultListableBeanFactory.java:1463) ~[spring-beans-5.1.6.RELEASE.jar:5.1.6.RELEASE]
	at org.springframework.beans.factory.support.DefaultListableBeanFactory.findAutowireCandidates(DefaultListableBeanFactory.java:1427) ~[spring-beans-5.1.6.RELEASE.jar:5.1.6.RELEASE]
	at org.springframework.beans.factory.support.DefaultListableBeanFactory.resolveMultipleBeans(DefaultListableBeanFactory.java:1318) ~[spring-beans-5.1.6.RELEASE.jar:5.1.6.RELEASE]
	at org.springframework.beans.factory.support.DefaultListableBeanFactory.doResolveDependency(DefaultListableBeanFactory.java:1205) ~[spring-beans-5.1.6.RELEASE.jar:5.1.6.RELEASE]
	at org.springframework.beans.factory.support.DefaultListableBeanFactory.resolveDependency(DefaultListableBeanFactory.java:1167) ~[spring-beans-5.1.6.RELEASE.jar:5.1.6.RELEASE]
	at org.springframework.beans.factory.support.ConstructorResolver.resolveAutowiredArgument(ConstructorResolver.java:857) ~[spring-beans-5.1.6.RELEASE.jar:5.1.6.RELEASE]
	at org.springframework.beans.factory.support.ConstructorResolver.createArgumentArray(ConstructorResolver.java:760) ~[spring-beans-5.1.6.RELEASE.jar:5.1.6.RELEASE]
	at org.springframework.beans.factory.support.ConstructorResolver.autowireConstructor(ConstructorResolver.java:218) ~[spring-beans-5.1.6.RELEASE.jar:5.1.6.RELEASE]
	at org.springframework.beans.factory.support.AbstractAutowireCapableBeanFactory.autowireConstructor(AbstractAutowireCapableBeanFactory.java:1341) ~[spring-beans-5.1.6.RELEASE.jar:5.1.6.RELEASE]
	at org.springframework.beans.factory.support.AbstractAutowireCapableBeanFactory.createBeanInstance(AbstractAutowireCapableBeanFactory.java:1187) ~[spring-beans-5.1.6.RELEASE.jar:5.1.6.RELEASE]
	at org.springframework.beans.factory.support.AbstractAutowireCapableBeanFactory.doCreateBean(AbstractAutowireCapableBeanFactory.java:555) ~[spring-beans-5.1.6.RELEASE.jar:5.1.6.RELEASE]
	at org.springframework.beans.factory.support.AbstractAutowireCapableBeanFactory.createBean(AbstractAutowireCapableBeanFactory.java:515) ~[spring-beans-5.1.6.RELEASE.jar:5.1.6.RELEASE]
	at org.springframework.beans.factory.support.AbstractBeanFactory.lambda$doGetBean$0(AbstractBeanFactory.java:320) ~[spring-beans-5.1.6.RELEASE.jar:5.1.6.RELEASE]
	at org.springframework.beans.factory.support.DefaultSingletonBeanRegistry.getSingleton(DefaultSingletonBeanRegistry.java:222) ~[spring-beans-5.1.6.RELEASE.jar:5.1.6.RELEASE]
	at org.springframework.beans.factory.support.AbstractBeanFactory.doGetBean(AbstractBeanFactory.java:318) ~[spring-beans-5.1.6.RELEASE.jar:5.1.6.RELEASE]
	at org.springframework.beans.factory.support.AbstractBeanFactory.getBean(AbstractBeanFactory.java:199) ~[spring-beans-5.1.6.RELEASE.jar:5.1.6.RELEASE]
	at org.springframework.beans.factory.config.DependencyDescriptor.resolveCandidate(DependencyDescriptor.java:277) ~[spring-beans-5.1.6.RELEASE.jar:5.1.6.RELEASE]
	at org.springframework.beans.factory.support.DefaultListableBeanFactory.addCandidateEntry(DefaultListableBeanFactory.java:1463) ~[spring-beans-5.1.6.RELEASE.jar:5.1.6.RELEASE]
	at org.springframework.beans.factory.support.DefaultListableBeanFactory.findAutowireCandidates(DefaultListableBeanFactory.java:1427) ~[spring-beans-5.1.6.RELEASE.jar:5.1.6.RELEASE]
	at org.springframework.beans.factory.support.DefaultListableBeanFactory.resolveMultipleBeans(DefaultListableBeanFactory.java:1318) ~[spring-beans-5.1.6.RELEASE.jar:5.1.6.RELEASE]
	at org.springframework.beans.factory.support.DefaultListableBeanFactory.doResolveDependency(DefaultListableBeanFactory.java:1205) ~[spring-beans-5.1.6.RELEASE.jar:5.1.6.RELEASE]
	at org.springframework.beans.factory.support.DefaultListableBeanFactory.resolveDependency(DefaultListableBeanFactory.java:1167) ~[spring-beans-5.1.6.RELEASE.jar:5.1.6.RELEASE]
	at org.springframework.beans.factory.support.ConstructorResolver.resolveAutowiredArgument(ConstructorResolver.java:857) ~[spring-beans-5.1.6.RELEASE.jar:5.1.6.RELEASE]
	at org.springframework.beans.factory.support.ConstructorResolver.createArgumentArray(ConstructorResolver.java:760) ~[spring-beans-5.1.6.RELEASE.jar:5.1.6.RELEASE]
	... 24 more
Caused by: java.lang.IllegalStateException: Ambiguous mapping. Cannot map 'userAuthController' method 
public soda.module.core.web.response.ResponseModel<soda.module.user.entity.UserAuth> soda.module.user.controller.UserAuthController.getAuthListByRoleId(int)
to {GET /user-auth}: There is already 'userAuthController' bean method
public soda.module.core.web.response.ResponseModel soda.module.user.controller.UserAuthController.getAllAuth() mapped.
	at org.springframework.web.servlet.handler.AbstractHandlerMethodMapping$MappingRegistry.assertUniqueMethodMapping(AbstractHandlerMethodMapping.java:618) ~[spring-webmvc-5.1.6.RELEASE.jar:5.1.6.RELEASE]
	at org.springframework.web.servlet.handler.AbstractHandlerMethodMapping$MappingRegistry.register(AbstractHandlerMethodMapping.java:586) ~[spring-webmvc-5.1.6.RELEASE.jar:5.1.6.RELEASE]
	at org.springframework.web.servlet.handler.AbstractHandlerMethodMapping.registerHandlerMethod(AbstractHandlerMethodMapping.java:312) ~[spring-webmvc-5.1.6.RELEASE.jar:5.1.6.RELEASE]
	at org.springframework.web.servlet.handler.AbstractHandlerMethodMapping.lambda$detectHandlerMethods$1(AbstractHandlerMethodMapping.java:282) ~[spring-webmvc-5.1.6.RELEASE.jar:5.1.6.RELEASE]
	at java.util.LinkedHashMap.forEach(LinkedHashMap.java:684) ~[?:1.8.0_201]
	at org.springframework.web.servlet.handler.AbstractHandlerMethodMapping.detectHandlerMethods(AbstractHandlerMethodMapping.java:280) ~[spring-webmvc-5.1.6.RELEASE.jar:5.1.6.RELEASE]
	at org.springframework.web.servlet.handler.AbstractHandlerMethodMapping.processCandidateBean(AbstractHandlerMethodMapping.java:252) ~[spring-webmvc-5.1.6.RELEASE.jar:5.1.6.RELEASE]
	at org.springframework.web.servlet.handler.AbstractHandlerMethodMapping.initHandlerMethods(AbstractHandlerMethodMapping.java:211) ~[spring-webmvc-5.1.6.RELEASE.jar:5.1.6.RELEASE]
	at org.springframework.web.servlet.handler.AbstractHandlerMethodMapping.afterPropertiesSet(AbstractHandlerMethodMapping.java:199) ~[spring-webmvc-5.1.6.RELEASE.jar:5.1.6.RELEASE]
	at org.springframework.web.servlet.mvc.method.annotation.RequestMappingHandlerMapping.afterPropertiesSet(RequestMappingHandlerMapping.java:164) ~[spring-webmvc-5.1.6.RELEASE.jar:5.1.6.RELEASE]
	at org.springframework.beans.factory.support.AbstractAutowireCapableBeanFactory.invokeInitMethods(AbstractAutowireCapableBeanFactory.java:1837) ~[spring-beans-5.1.6.RELEASE.jar:5.1.6.RELEASE]
	at org.springframework.beans.factory.support.AbstractAutowireCapableBeanFactory.initializeBean(AbstractAutowireCapableBeanFactory.java:1774) ~[spring-beans-5.1.6.RELEASE.jar:5.1.6.RELEASE]
	at org.springframework.beans.factory.support.AbstractAutowireCapableBeanFactory.doCreateBean(AbstractAutowireCapableBeanFactory.java:593) ~[spring-beans-5.1.6.RELEASE.jar:5.1.6.RELEASE]
	at org.springframework.beans.factory.support.AbstractAutowireCapableBeanFactory.createBean(AbstractAutowireCapableBeanFactory.java:515) ~[spring-beans-5.1.6.RELEASE.jar:5.1.6.RELEASE]
	at org.springframework.beans.factory.support.AbstractBeanFactory.lambda$doGetBean$0(AbstractBeanFactory.java:320) ~[spring-beans-5.1.6.RELEASE.jar:5.1.6.RELEASE]
	at org.springframework.beans.factory.support.DefaultSingletonBeanRegistry.getSingleton(DefaultSingletonBeanRegistry.java:222) ~[spring-beans-5.1.6.RELEASE.jar:5.1.6.RELEASE]
	at org.springframework.beans.factory.support.AbstractBeanFactory.doGetBean(AbstractBeanFactory.java:318) ~[spring-beans-5.1.6.RELEASE.jar:5.1.6.RELEASE]
	at org.springframework.beans.factory.support.AbstractBeanFactory.getBean(AbstractBeanFactory.java:199) ~[spring-beans-5.1.6.RELEASE.jar:5.1.6.RELEASE]
	at org.springframework.beans.factory.config.DependencyDescriptor.resolveCandidate(DependencyDescriptor.java:277) ~[spring-beans-5.1.6.RELEASE.jar:5.1.6.RELEASE]
	at org.springframework.beans.factory.support.DefaultListableBeanFactory.addCandidateEntry(DefaultListableBeanFactory.java:1463) ~[spring-beans-5.1.6.RELEASE.jar:5.1.6.RELEASE]
	at org.springframework.beans.factory.support.DefaultListableBeanFactory.findAutowireCandidates(DefaultListableBeanFactory.java:1427) ~[spring-beans-5.1.6.RELEASE.jar:5.1.6.RELEASE]
	at org.springframework.beans.factory.support.DefaultListableBeanFactory.resolveMultipleBeans(DefaultListableBeanFactory.java:1318) ~[spring-beans-5.1.6.RELEASE.jar:5.1.6.RELEASE]
	at org.springframework.beans.factory.support.DefaultListableBeanFactory.doResolveDependency(DefaultListableBeanFactory.java:1205) ~[spring-beans-5.1.6.RELEASE.jar:5.1.6.RELEASE]
	at org.springframework.beans.factory.support.DefaultListableBeanFactory.resolveDependency(DefaultListableBeanFactory.java:1167) ~[spring-beans-5.1.6.RELEASE.jar:5.1.6.RELEASE]
	at org.springframework.beans.factory.support.ConstructorResolver.resolveAutowiredArgument(ConstructorResolver.java:857) ~[spring-beans-5.1.6.RELEASE.jar:5.1.6.RELEASE]
	at org.springframework.beans.factory.support.ConstructorResolver.createArgumentArray(ConstructorResolver.java:760) ~[spring-beans-5.1.6.RELEASE.jar:5.1.6.RELEASE]
	at org.springframework.beans.factory.support.ConstructorResolver.autowireConstructor(ConstructorResolver.java:218) ~[spring-beans-5.1.6.RELEASE.jar:5.1.6.RELEASE]
	at org.springframework.beans.factory.support.AbstractAutowireCapableBeanFactory.autowireConstructor(AbstractAutowireCapableBeanFactory.java:1341) ~[spring-beans-5.1.6.RELEASE.jar:5.1.6.RELEASE]
	at org.springframework.beans.factory.support.AbstractAutowireCapableBeanFactory.createBeanInstance(AbstractAutowireCapableBeanFactory.java:1187) ~[spring-beans-5.1.6.RELEASE.jar:5.1.6.RELEASE]
	at org.springframework.beans.factory.support.AbstractAutowireCapableBeanFactory.doCreateBean(AbstractAutowireCapableBeanFactory.java:555) ~[spring-beans-5.1.6.RELEASE.jar:5.1.6.RELEASE]
	at org.springframework.beans.factory.support.AbstractAutowireCapableBeanFactory.createBean(AbstractAutowireCapableBeanFactory.java:515) ~[spring-beans-5.1.6.RELEASE.jar:5.1.6.RELEASE]
	at org.springframework.beans.factory.support.AbstractBeanFactory.lambda$doGetBean$0(AbstractBeanFactory.java:320) ~[spring-beans-5.1.6.RELEASE.jar:5.1.6.RELEASE]
	at org.springframework.beans.factory.support.DefaultSingletonBeanRegistry.getSingleton(DefaultSingletonBeanRegistry.java:222) ~[spring-beans-5.1.6.RELEASE.jar:5.1.6.RELEASE]
	at org.springframework.beans.factory.support.AbstractBeanFactory.doGetBean(AbstractBeanFactory.java:318) ~[spring-beans-5.1.6.RELEASE.jar:5.1.6.RELEASE]
	at org.springframework.beans.factory.support.AbstractBeanFactory.getBean(AbstractBeanFactory.java:199) ~[spring-beans-5.1.6.RELEASE.jar:5.1.6.RELEASE]
	at org.springframework.beans.factory.config.DependencyDescriptor.resolveCandidate(DependencyDescriptor.java:277) ~[spring-beans-5.1.6.RELEASE.jar:5.1.6.RELEASE]
	at org.springframework.beans.factory.support.DefaultListableBeanFactory.addCandidateEntry(DefaultListableBeanFactory.java:1463) ~[spring-beans-5.1.6.RELEASE.jar:5.1.6.RELEASE]
	at org.springframework.beans.factory.support.DefaultListableBeanFactory.findAutowireCandidates(DefaultListableBeanFactory.java:1427) ~[spring-beans-5.1.6.RELEASE.jar:5.1.6.RELEASE]
	at org.springframework.beans.factory.support.DefaultListableBeanFactory.resolveMultipleBeans(DefaultListableBeanFactory.java:1318) ~[spring-beans-5.1.6.RELEASE.jar:5.1.6.RELEASE]
	at org.springframework.beans.factory.support.DefaultListableBeanFactory.doResolveDependency(DefaultListableBeanFactory.java:1205) ~[spring-beans-5.1.6.RELEASE.jar:5.1.6.RELEASE]
	at org.springframework.beans.factory.support.DefaultListableBeanFactory.resolveDependency(DefaultListableBeanFactory.java:1167) ~[spring-beans-5.1.6.RELEASE.jar:5.1.6.RELEASE]
	at org.springframework.beans.factory.support.ConstructorResolver.resolveAutowiredArgument(ConstructorResolver.java:857) ~[spring-beans-5.1.6.RELEASE.jar:5.1.6.RELEASE]
	at org.springframework.beans.factory.support.ConstructorResolver.createArgumentArray(ConstructorResolver.java:760) ~[spring-beans-5.1.6.RELEASE.jar:5.1.6.RELEASE]
	... 24 more
[14:28:30:271] [WARN] - org.mybatis.logging.Logger.warn(Logger.java:44) - Skipping MapperFactoryBean with name 'userAuthMapper' and 'soda.module.user.mapper.UserAuthMapper' mapperInterface. Bean already defined with the same name!
[14:28:30:271] [WARN] - org.mybatis.logging.Logger.warn(Logger.java:44) - Skipping MapperFactoryBean with name 'userInfoMapper' and 'soda.module.user.mapper.UserInfoMapper' mapperInterface. Bean already defined with the same name!
[14:28:30:271] [WARN] - org.mybatis.logging.Logger.warn(Logger.java:44) - Skipping MapperFactoryBean with name 'userMiniappMapper' and 'soda.module.user.mapper.UserMiniappMapper' mapperInterface. Bean already defined with the same name!
[14:28:30:271] [WARN] - org.mybatis.logging.Logger.warn(Logger.java:44) - Skipping MapperFactoryBean with name 'userRoleAuthMapper' and 'soda.module.user.mapper.UserRoleAuthMapper' mapperInterface. Bean already defined with the same name!
[14:28:30:271] [WARN] - org.mybatis.logging.Logger.warn(Logger.java:44) - Skipping MapperFactoryBean with name 'userRoleMapper' and 'soda.module.user.mapper.UserRoleMapper' mapperInterface. Bean already defined with the same name!
[14:28:30:271] [WARN] - org.mybatis.logging.Logger.warn(Logger.java:44) - Skipping MapperFactoryBean with name 'userTokenMapper' and 'soda.module.user.mapper.UserTokenMapper' mapperInterface. Bean already defined with the same name!
[14:29:05:585] [WARN] - org.mybatis.logging.Logger.warn(Logger.java:44) - Skipping MapperFactoryBean with name 'userAuthMapper' and 'soda.module.user.mapper.UserAuthMapper' mapperInterface. Bean already defined with the same name!
[14:29:05:585] [WARN] - org.mybatis.logging.Logger.warn(Logger.java:44) - Skipping MapperFactoryBean with name 'userInfoMapper' and 'soda.module.user.mapper.UserInfoMapper' mapperInterface. Bean already defined with the same name!
[14:29:05:585] [WARN] - org.mybatis.logging.Logger.warn(Logger.java:44) - Skipping MapperFactoryBean with name 'userMiniappMapper' and 'soda.module.user.mapper.UserMiniappMapper' mapperInterface. Bean already defined with the same name!
[14:29:05:585] [WARN] - org.mybatis.logging.Logger.warn(Logger.java:44) - Skipping MapperFactoryBean with name 'userRoleAuthMapper' and 'soda.module.user.mapper.UserRoleAuthMapper' mapperInterface. Bean already defined with the same name!
[14:29:05:585] [WARN] - org.mybatis.logging.Logger.warn(Logger.java:44) - Skipping MapperFactoryBean with name 'userRoleMapper' and 'soda.module.user.mapper.UserRoleMapper' mapperInterface. Bean already defined with the same name!
[14:29:05:585] [WARN] - org.mybatis.logging.Logger.warn(Logger.java:44) - Skipping MapperFactoryBean with name 'userTokenMapper' and 'soda.module.user.mapper.UserTokenMapper' mapperInterface. Bean already defined with the same name!
[14:38:54:450] [WARN] - org.mybatis.logging.Logger.warn(Logger.java:44) - Skipping MapperFactoryBean with name 'userAuthMapper' and 'soda.module.user.mapper.UserAuthMapper' mapperInterface. Bean already defined with the same name!
[14:38:54:450] [WARN] - org.mybatis.logging.Logger.warn(Logger.java:44) - Skipping MapperFactoryBean with name 'userInfoMapper' and 'soda.module.user.mapper.UserInfoMapper' mapperInterface. Bean already defined with the same name!
[14:38:54:450] [WARN] - org.mybatis.logging.Logger.warn(Logger.java:44) - Skipping MapperFactoryBean with name 'userMiniappMapper' and 'soda.module.user.mapper.UserMiniappMapper' mapperInterface. Bean already defined with the same name!
[14:38:54:450] [WARN] - org.mybatis.logging.Logger.warn(Logger.java:44) - Skipping MapperFactoryBean with name 'userRoleAuthMapper' and 'soda.module.user.mapper.UserRoleAuthMapper' mapperInterface. Bean already defined with the same name!
[14:38:54:450] [WARN] - org.mybatis.logging.Logger.warn(Logger.java:44) - Skipping MapperFactoryBean with name 'userRoleMapper' and 'soda.module.user.mapper.UserRoleMapper' mapperInterface. Bean already defined with the same name!
[14:38:54:450] [WARN] - org.mybatis.logging.Logger.warn(Logger.java:44) - Skipping MapperFactoryBean with name 'userTokenMapper' and 'soda.module.user.mapper.UserTokenMapper' mapperInterface. Bean already defined with the same name!
[15:05:54:449] [WARN] - org.mybatis.logging.Logger.warn(Logger.java:44) - Skipping MapperFactoryBean with name 'userAuthMapper' and 'soda.module.user.mapper.UserAuthMapper' mapperInterface. Bean already defined with the same name!
[15:05:54:450] [WARN] - org.mybatis.logging.Logger.warn(Logger.java:44) - Skipping MapperFactoryBean with name 'userInfoMapper' and 'soda.module.user.mapper.UserInfoMapper' mapperInterface. Bean already defined with the same name!
[15:05:54:450] [WARN] - org.mybatis.logging.Logger.warn(Logger.java:44) - Skipping MapperFactoryBean with name 'userMiniappMapper' and 'soda.module.user.mapper.UserMiniappMapper' mapperInterface. Bean already defined with the same name!
[15:05:54:450] [WARN] - org.mybatis.logging.Logger.warn(Logger.java:44) - Skipping MapperFactoryBean with name 'userRoleAuthMapper' and 'soda.module.user.mapper.UserRoleAuthMapper' mapperInterface. Bean already defined with the same name!
[15:05:54:451] [WARN] - org.mybatis.logging.Logger.warn(Logger.java:44) - Skipping MapperFactoryBean with name 'userRoleMapper' and 'soda.module.user.mapper.UserRoleMapper' mapperInterface. Bean already defined with the same name!
[15:05:54:451] [WARN] - org.mybatis.logging.Logger.warn(Logger.java:44) - Skipping MapperFactoryBean with name 'userTokenMapper' and 'soda.module.user.mapper.UserTokenMapper' mapperInterface. Bean already defined with the same name!
[15:07:07:825] [ERROR] - soda.module.core.web.handler.WebExceptionHandler.exception(WebExceptionHandler.java:66) - org.springframework.web.method.annotation.MethodArgumentTypeMismatchException: Failed to convert value of type 'java.lang.String' to required type 'int'; nested exception is java.lang.NumberFormatException: For input string: ""
[15:07:08:202] [ERROR] - soda.module.core.web.handler.WebExceptionHandler.exception(WebExceptionHandler.java:66) - org.springframework.web.method.annotation.MethodArgumentTypeMismatchException: Failed to convert value of type 'java.lang.String' to required type 'int'; nested exception is java.lang.NumberFormatException: For input string: ""
[15:07:08:583] [ERROR] - soda.module.core.web.handler.WebExceptionHandler.exception(WebExceptionHandler.java:66) - org.springframework.web.method.annotation.MethodArgumentTypeMismatchException: Failed to convert value of type 'java.lang.String' to required type 'int'; nested exception is java.lang.NumberFormatException: For input string: ""
[15:07:08:896] [ERROR] - soda.module.core.web.handler.WebExceptionHandler.exception(WebExceptionHandler.java:66) - org.springframework.web.method.annotation.MethodArgumentTypeMismatchException: Failed to convert value of type 'java.lang.String' to required type 'int'; nested exception is java.lang.NumberFormatException: For input string: ""
[15:07:09:198] [ERROR] - soda.module.core.web.handler.WebExceptionHandler.exception(WebExceptionHandler.java:66) - org.springframework.web.method.annotation.MethodArgumentTypeMismatchException: Failed to convert value of type 'java.lang.String' to required type 'int'; nested exception is java.lang.NumberFormatException: For input string: ""
[15:07:09:496] [ERROR] - soda.module.core.web.handler.WebExceptionHandler.exception(WebExceptionHandler.java:66) - org.springframework.web.method.annotation.MethodArgumentTypeMismatchException: Failed to convert value of type 'java.lang.String' to required type 'int'; nested exception is java.lang.NumberFormatException: For input string: ""
[15:08:45:927] [ERROR] - soda.module.core.web.handler.WebExceptionHandler.exception(WebExceptionHandler.java:66) - org.springframework.web.bind.MissingServletRequestParameterException: Required int parameter 'id' is not present
[19:43:54:995] [WARN] - org.mybatis.logging.Logger.warn(Logger.java:44) - Skipping MapperFactoryBean with name 'userAuthMapper' and 'soda.module.user.mapper.UserAuthMapper' mapperInterface. Bean already defined with the same name!
[19:43:55:007] [WARN] - org.mybatis.logging.Logger.warn(Logger.java:44) - Skipping MapperFactoryBean with name 'userInfoMapper' and 'soda.module.user.mapper.UserInfoMapper' mapperInterface. Bean already defined with the same name!
[19:43:55:009] [WARN] - org.mybatis.logging.Logger.warn(Logger.java:44) - Skipping MapperFactoryBean with name 'userMiniappMapper' and 'soda.module.user.mapper.UserMiniappMapper' mapperInterface. Bean already defined with the same name!
[19:43:55:012] [WARN] - org.mybatis.logging.Logger.warn(Logger.java:44) - Skipping MapperFactoryBean with name 'userRoleAuthMapper' and 'soda.module.user.mapper.UserRoleAuthMapper' mapperInterface. Bean already defined with the same name!
[19:43:55:012] [WARN] - org.mybatis.logging.Logger.warn(Logger.java:44) - Skipping MapperFactoryBean with name 'userRoleMapper' and 'soda.module.user.mapper.UserRoleMapper' mapperInterface. Bean already defined with the same name!
[19:43:55:013] [WARN] - org.mybatis.logging.Logger.warn(Logger.java:44) - Skipping MapperFactoryBean with name 'userTokenMapper' and 'soda.module.user.mapper.UserTokenMapper' mapperInterface. Bean already defined with the same name!
[19:44:08:087] [ERROR] - soda.module.core.web.handler.WebExceptionHandler.exception(WebExceptionHandler.java:66) - java.lang.NullPointerException
[19:44:09:434] [ERROR] - soda.module.core.web.handler.WebExceptionHandler.exception(WebExceptionHandler.java:66) - java.lang.NullPointerException
[19:44:15:451] [ERROR] - soda.module.core.web.handler.WebExceptionHandler.exception(WebExceptionHandler.java:66) - java.lang.NullPointerException
[19:44:16:412] [ERROR] - soda.module.core.web.handler.WebExceptionHandler.exception(WebExceptionHandler.java:66) - java.lang.NullPointerException
[19:44:20:931] [ERROR] - soda.module.core.web.handler.WebExceptionHandler.exception(WebExceptionHandler.java:66) - java.lang.NullPointerException
[19:44:37:143] [WARN] - org.mybatis.logging.Logger.warn(Logger.java:44) - Skipping MapperFactoryBean with name 'userAuthMapper' and 'soda.module.user.mapper.UserAuthMapper' mapperInterface. Bean already defined with the same name!
[19:44:37:144] [WARN] - org.mybatis.logging.Logger.warn(Logger.java:44) - Skipping MapperFactoryBean with name 'userInfoMapper' and 'soda.module.user.mapper.UserInfoMapper' mapperInterface. Bean already defined with the same name!
[19:44:37:144] [WARN] - org.mybatis.logging.Logger.warn(Logger.java:44) - Skipping MapperFactoryBean with name 'userMiniappMapper' and 'soda.module.user.mapper.UserMiniappMapper' mapperInterface. Bean already defined with the same name!
[19:44:37:144] [WARN] - org.mybatis.logging.Logger.warn(Logger.java:44) - Skipping MapperFactoryBean with name 'userRoleAuthMapper' and 'soda.module.user.mapper.UserRoleAuthMapper' mapperInterface. Bean already defined with the same name!
[19:44:37:144] [WARN] - org.mybatis.logging.Logger.warn(Logger.java:44) - Skipping MapperFactoryBean with name 'userRoleMapper' and 'soda.module.user.mapper.UserRoleMapper' mapperInterface. Bean already defined with the same name!
[19:44:37:145] [WARN] - org.mybatis.logging.Logger.warn(Logger.java:44) - Skipping MapperFactoryBean with name 'userTokenMapper' and 'soda.module.user.mapper.UserTokenMapper' mapperInterface. Bean already defined with the same name!
[19:45:03:374] [ERROR] - soda.module.core.web.handler.WebExceptionHandler.exception(WebExceptionHandler.java:66) - java.lang.NullPointerException
[19:45:04:832] [ERROR] - soda.module.core.web.handler.WebExceptionHandler.exception(WebExceptionHandler.java:66) - java.lang.NullPointerException
[19:45:05:732] [ERROR] - soda.module.core.web.handler.WebExceptionHandler.exception(WebExceptionHandler.java:66) - java.lang.NullPointerException
[19:45:06:446] [ERROR] - soda.module.core.web.handler.WebExceptionHandler.exception(WebExceptionHandler.java:66) - java.lang.NullPointerException
[20:17:27:408] [WARN] - org.mybatis.logging.Logger.warn(Logger.java:44) - Skipping MapperFactoryBean with name 'userAuthMapper' and 'soda.module.user.mapper.UserAuthMapper' mapperInterface. Bean already defined with the same name!
[20:17:27:409] [WARN] - org.mybatis.logging.Logger.warn(Logger.java:44) - Skipping MapperFactoryBean with name 'userInfoMapper' and 'soda.module.user.mapper.UserInfoMapper' mapperInterface. Bean already defined with the same name!
[20:17:27:409] [WARN] - org.mybatis.logging.Logger.warn(Logger.java:44) - Skipping MapperFactoryBean with name 'userMiniappMapper' and 'soda.module.user.mapper.UserMiniappMapper' mapperInterface. Bean already defined with the same name!
[20:17:27:410] [WARN] - org.mybatis.logging.Logger.warn(Logger.java:44) - Skipping MapperFactoryBean with name 'userRoleAuthMapper' and 'soda.module.user.mapper.UserRoleAuthMapper' mapperInterface. Bean already defined with the same name!
[20:17:27:410] [WARN] - org.mybatis.logging.Logger.warn(Logger.java:44) - Skipping MapperFactoryBean with name 'userRoleMapper' and 'soda.module.user.mapper.UserRoleMapper' mapperInterface. Bean already defined with the same name!
[20:17:27:410] [WARN] - org.mybatis.logging.Logger.warn(Logger.java:44) - Skipping MapperFactoryBean with name 'userTokenMapper' and 'soda.module.user.mapper.UserTokenMapper' mapperInterface. Bean already defined with the same name!
[20:17:48:556] [WARN] - org.mybatis.logging.Logger.warn(Logger.java:44) - Skipping MapperFactoryBean with name 'userAuthMapper' and 'soda.module.user.mapper.UserAuthMapper' mapperInterface. Bean already defined with the same name!
[20:17:48:557] [WARN] - org.mybatis.logging.Logger.warn(Logger.java:44) - Skipping MapperFactoryBean with name 'userInfoMapper' and 'soda.module.user.mapper.UserInfoMapper' mapperInterface. Bean already defined with the same name!
[20:17:48:558] [WARN] - org.mybatis.logging.Logger.warn(Logger.java:44) - Skipping MapperFactoryBean with name 'userMiniappMapper' and 'soda.module.user.mapper.UserMiniappMapper' mapperInterface. Bean already defined with the same name!
[20:17:48:558] [WARN] - org.mybatis.logging.Logger.warn(Logger.java:44) - Skipping MapperFactoryBean with name 'userRoleAuthMapper' and 'soda.module.user.mapper.UserRoleAuthMapper' mapperInterface. Bean already defined with the same name!
[20:17:48:559] [WARN] - org.mybatis.logging.Logger.warn(Logger.java:44) - Skipping MapperFactoryBean with name 'userRoleMapper' and 'soda.module.user.mapper.UserRoleMapper' mapperInterface. Bean already defined with the same name!
[20:17:48:559] [WARN] - org.mybatis.logging.Logger.warn(Logger.java:44) - Skipping MapperFactoryBean with name 'userTokenMapper' and 'soda.module.user.mapper.UserTokenMapper' mapperInterface. Bean already defined with the same name!
[20:19:43:567] [ERROR] - soda.module.core.web.handler.WebExceptionHandler.exception(WebExceptionHandler.java:66) - java.lang.NullPointerException
[20:21:46:865] [WARN] - org.mybatis.logging.Logger.warn(Logger.java:44) - Skipping MapperFactoryBean with name 'userAuthMapper' and 'soda.module.user.mapper.UserAuthMapper' mapperInterface. Bean already defined with the same name!
[20:21:46:866] [WARN] - org.mybatis.logging.Logger.warn(Logger.java:44) - Skipping MapperFactoryBean with name 'userInfoMapper' and 'soda.module.user.mapper.UserInfoMapper' mapperInterface. Bean already defined with the same name!
[20:21:46:866] [WARN] - org.mybatis.logging.Logger.warn(Logger.java:44) - Skipping MapperFactoryBean with name 'userMiniappMapper' and 'soda.module.user.mapper.UserMiniappMapper' mapperInterface. Bean already defined with the same name!
[20:21:46:867] [WARN] - org.mybatis.logging.Logger.warn(Logger.java:44) - Skipping MapperFactoryBean with name 'userRoleAuthMapper' and 'soda.module.user.mapper.UserRoleAuthMapper' mapperInterface. Bean already defined with the same name!
[20:21:46:867] [WARN] - org.mybatis.logging.Logger.warn(Logger.java:44) - Skipping MapperFactoryBean with name 'userRoleMapper' and 'soda.module.user.mapper.UserRoleMapper' mapperInterface. Bean already defined with the same name!
[20:21:46:868] [WARN] - org.mybatis.logging.Logger.warn(Logger.java:44) - Skipping MapperFactoryBean with name 'userTokenMapper' and 'soda.module.user.mapper.UserTokenMapper' mapperInterface. Bean already defined with the same name!
[20:36:13:976] [WARN] - org.mybatis.logging.Logger.warn(Logger.java:44) - Skipping MapperFactoryBean with name 'userAuthMapper' and 'soda.module.user.mapper.UserAuthMapper' mapperInterface. Bean already defined with the same name!
[20:36:13:977] [WARN] - org.mybatis.logging.Logger.warn(Logger.java:44) - Skipping MapperFactoryBean with name 'userInfoMapper' and 'soda.module.user.mapper.UserInfoMapper' mapperInterface. Bean already defined with the same name!
[20:36:13:978] [WARN] - org.mybatis.logging.Logger.warn(Logger.java:44) - Skipping MapperFactoryBean with name 'userMiniappMapper' and 'soda.module.user.mapper.UserMiniappMapper' mapperInterface. Bean already defined with the same name!
[20:36:13:978] [WARN] - org.mybatis.logging.Logger.warn(Logger.java:44) - Skipping MapperFactoryBean with name 'userRoleAuthMapper' and 'soda.module.user.mapper.UserRoleAuthMapper' mapperInterface. Bean already defined with the same name!
[20:36:13:979] [WARN] - org.mybatis.logging.Logger.warn(Logger.java:44) - Skipping MapperFactoryBean with name 'userRoleMapper' and 'soda.module.user.mapper.UserRoleMapper' mapperInterface. Bean already defined with the same name!
[20:36:13:980] [WARN] - org.mybatis.logging.Logger.warn(Logger.java:44) - Skipping MapperFactoryBean with name 'userTokenMapper' and 'soda.module.user.mapper.UserTokenMapper' mapperInterface. Bean already defined with the same name!
[20:36:13:981] [WARN] - org.mybatis.logging.Logger.warn(Logger.java:44) - No MyBatis mapper was found in '[soda.cantfind.apply.mapper, soda.module.user.mapper]' package. Please check your configuration.
[20:36:15:909] [WARN] - org.springframework.context.support.AbstractApplicationContext.refresh(AbstractApplicationContext.java:557) - Exception encountered during context initialization - cancelling refresh attempt: org.springframework.beans.factory.UnsatisfiedDependencyException: Error creating bean with name 'jwtUserController' defined in file [D:\workspace\cantfind\spider\user\target\classes\soda\module\user\controller\JwtUserController.class]: Unsatisfied dependency expressed through constructor parameter 0; nested exception is org.springframework.beans.factory.UnsatisfiedDependencyException: Error creating bean with name 'userRoleAuthServiceImpl' defined in file [D:\workspace\cantfind\spider\user\target\classes\soda\module\user\service\impl\UserRoleAuthServiceImpl.class]: Unsatisfied dependency expressed through constructor parameter 0; nested exception is org.springframework.beans.factory.NoSuchBeanDefinitionException: No qualifying bean of type 'org.springframework.security.crypto.password.PasswordEncoder' available: expected at least 1 bean which qualifies as autowire candidate. Dependency annotations: {}
[20:36:16:105] [WARN] - org.apache.juli.logging.DirectJDKLog.log(DirectJDKLog.java:173) - The web application [ROOT] appears to have started a thread named [ForkJoinPool.commonPool-worker-0] but has failed to stop it. This is very likely to create a memory leak. Stack trace of thread:
 sun.misc.Unsafe.park(Native Method)
 java.util.concurrent.ForkJoinPool.awaitWork(ForkJoinPool.java:1824)
 java.util.concurrent.ForkJoinPool.runWorker(ForkJoinPool.java:1693)
 java.util.concurrent.ForkJoinWorkerThread.run(ForkJoinWorkerThread.java:157)
[20:36:16:114] [WARN] - org.apache.juli.logging.DirectJDKLog.log(DirectJDKLog.java:173) - The web application [ROOT] appears to have started a thread named [ForkJoinPool.commonPool-worker-1] but has failed to stop it. This is very likely to create a memory leak. Stack trace of thread:
 sun.misc.Unsafe.park(Native Method)
 java.util.concurrent.ForkJoinPool.awaitWork(ForkJoinPool.java:1824)
 java.util.concurrent.ForkJoinPool.runWorker(ForkJoinPool.java:1693)
 java.util.concurrent.ForkJoinWorkerThread.run(ForkJoinWorkerThread.java:157)
[20:36:16:116] [WARN] - org.apache.juli.logging.DirectJDKLog.log(DirectJDKLog.java:173) - The web application [ROOT] appears to have started a thread named [ForkJoinPool.commonPool-worker-2] but has failed to stop it. This is very likely to create a memory leak. Stack trace of thread:
 sun.misc.Unsafe.park(Native Method)
 java.util.concurrent.ForkJoinPool.awaitWork(ForkJoinPool.java:1824)
 java.util.concurrent.ForkJoinPool.runWorker(ForkJoinPool.java:1693)
 java.util.concurrent.ForkJoinWorkerThread.run(ForkJoinWorkerThread.java:157)
[20:36:16:737] [ERROR] - org.springframework.boot.diagnostics.LoggingFailureAnalysisReporter.report(LoggingFailureAnalysisReporter.java:42) - 

***************************
APPLICATION FAILED TO START
***************************

Description:

Parameter 0 of constructor in soda.module.user.service.impl.UserRoleAuthServiceImpl required a bean of type 'org.springframework.security.crypto.password.PasswordEncoder' that could not be found.


Action:

Consider defining a bean of type 'org.springframework.security.crypto.password.PasswordEncoder' in your configuration.

[20:36:20:756] [WARN] - org.mybatis.logging.Logger.warn(Logger.java:44) - Skipping MapperFactoryBean with name 'userAuthMapper' and 'soda.module.user.mapper.UserAuthMapper' mapperInterface. Bean already defined with the same name!
[20:36:20:757] [WARN] - org.mybatis.logging.Logger.warn(Logger.java:44) - Skipping MapperFactoryBean with name 'userInfoMapper' and 'soda.module.user.mapper.UserInfoMapper' mapperInterface. Bean already defined with the same name!
[20:36:20:759] [WARN] - org.mybatis.logging.Logger.warn(Logger.java:44) - Skipping MapperFactoryBean with name 'userMiniappMapper' and 'soda.module.user.mapper.UserMiniappMapper' mapperInterface. Bean already defined with the same name!
[20:36:20:761] [WARN] - org.mybatis.logging.Logger.warn(Logger.java:44) - Skipping MapperFactoryBean with name 'userRoleAuthMapper' and 'soda.module.user.mapper.UserRoleAuthMapper' mapperInterface. Bean already defined with the same name!
[20:36:20:761] [WARN] - org.mybatis.logging.Logger.warn(Logger.java:44) - Skipping MapperFactoryBean with name 'userRoleMapper' and 'soda.module.user.mapper.UserRoleMapper' mapperInterface. Bean already defined with the same name!
[20:36:20:762] [WARN] - org.mybatis.logging.Logger.warn(Logger.java:44) - Skipping MapperFactoryBean with name 'userTokenMapper' and 'soda.module.user.mapper.UserTokenMapper' mapperInterface. Bean already defined with the same name!
